info: Server started at http://localhost:3000/api/v1/ {"timestamp":"2022-09-07T12:29:15.119Z"}
info: Connected to the database. {"timestamp":"2022-09-07T12:29:17.689Z"}
info: Server started at http://localhost:3000/api/v1/ {"timestamp":"2022-09-07T16:22:26.563Z"}
info: Connected to the database. {"timestamp":"2022-09-07T16:22:35.043Z"}
info: Server started at http://localhost:3000/api/v1/ {"timestamp":"2022-09-07T17:01:40.511Z"}
info: Connected to the database. {"timestamp":"2022-09-07T17:01:44.256Z"}
info: Server started at http://localhost:3000/api/v1/ {"timestamp":"2022-09-07T17:02:23.130Z"}
error: 
    status - 500 
    message - ReferenceError: body is not defined
    at _callee6$ (C:\Users\hp\Fundoo-Notes\fundoo\src\services\/notes.services.js:53:25)
    at tryCatch (C:\Users\hp\Fundoo-Notes\fundoo\node_modules\@babel\runtime\helpers\regeneratorRuntime.js:86:17)
    at Generator._invoke (C:\Users\hp\Fundoo-Notes\fundoo\node_modules\@babel\runtime\helpers\regeneratorRuntime.js:66:24)
    at Generator.next (C:\Users\hp\Fundoo-Notes\fundoo\node_modules\@babel\runtime\helpers\regeneratorRuntime.js:117:21)
    at asyncGeneratorStep (C:\Users\hp\Fundoo-Notes\fundoo\node_modules\@babel\runtime\helpers\asyncToGenerator.js:3:24)
    at _next (C:\Users\hp\Fundoo-Notes\fundoo\node_modules\@babel\runtime\helpers\asyncToGenerator.js:25:9)
    at C:\Users\hp\Fundoo-Notes\fundoo\node_modules\@babel\runtime\helpers\asyncToGenerator.js:32:7
    at new Promise (<anonymous>)
    at Object.<anonymous> (C:\Users\hp\Fundoo-Notes\fundoo\node_modules\@babel\runtime\helpers\asyncToGenerator.js:21:12)
    at Object.archiveNotes (C:\Users\hp\Fundoo-Notes\fundoo\src\services\/notes.services.js:50:26)
    at _callee6$ (C:\Users\hp\Fundoo-Notes\fundoo\src\controllers\/notes.controllers.js:104:36)
    at tryCatch (C:\Users\hp\Fundoo-Notes\fundoo\node_modules\@babel\runtime\helpers\regeneratorRuntime.js:86:17)
    at Generator._invoke (C:\Users\hp\Fundoo-Notes\fundoo\node_modules\@babel\runtime\helpers\regeneratorRuntime.js:66:24)
    at Generator.next (C:\Users\hp\Fundoo-Notes\fundoo\node_modules\@babel\runtime\helpers\regeneratorRuntime.js:117:21)
    at asyncGeneratorStep (C:\Users\hp\Fundoo-Notes\fundoo\node_modules\@babel\runtime\helpers\asyncToGenerator.js:3:24)
    at _next (C:\Users\hp\Fundoo-Notes\fundoo\node_modules\@babel\runtime\helpers\asyncToGenerator.js:25:9) 
    url - /api/v1/note/6318774a5d8cfe24c4c7cd0d/archive 
    method - PUT 
    IP - ::1
   {"timestamp":"2022-09-07T17:02:27.102Z"}
info: Connected to the database. {"timestamp":"2022-09-07T17:02:28.285Z"}
info: Server started at http://localhost:3000/api/v1/ {"timestamp":"2022-09-07T17:05:16.557Z"}
info: Connected to the database. {"timestamp":"2022-09-07T17:05:20.100Z"}
error: 
    status - 500 
    message - ReferenceError: body is not defined
    at _callee6$ (C:\Users\hp\Fundoo-Notes\fundoo\src\services\/notes.services.js:53:27)
    at tryCatch (C:\Users\hp\Fundoo-Notes\fundoo\node_modules\@babel\runtime\helpers\regeneratorRuntime.js:86:17)
    at Generator._invoke (C:\Users\hp\Fundoo-Notes\fundoo\node_modules\@babel\runtime\helpers\regeneratorRuntime.js:66:24)
    at Generator.next (C:\Users\hp\Fundoo-Notes\fundoo\node_modules\@babel\runtime\helpers\regeneratorRuntime.js:117:21)
    at asyncGeneratorStep (C:\Users\hp\Fundoo-Notes\fundoo\node_modules\@babel\runtime\helpers\asyncToGenerator.js:3:24)
    at _next (C:\Users\hp\Fundoo-Notes\fundoo\node_modules\@babel\runtime\helpers\asyncToGenerator.js:25:9)
    at C:\Users\hp\Fundoo-Notes\fundoo\node_modules\@babel\runtime\helpers\asyncToGenerator.js:32:7
    at new Promise (<anonymous>)
    at Object.<anonymous> (C:\Users\hp\Fundoo-Notes\fundoo\node_modules\@babel\runtime\helpers\asyncToGenerator.js:21:12)
    at Object.archiveNotes (C:\Users\hp\Fundoo-Notes\fundoo\src\services\/notes.services.js:50:26)
    at _callee6$ (C:\Users\hp\Fundoo-Notes\fundoo\src\controllers\/notes.controllers.js:104:36)
    at tryCatch (C:\Users\hp\Fundoo-Notes\fundoo\node_modules\@babel\runtime\helpers\regeneratorRuntime.js:86:17)
    at Generator._invoke (C:\Users\hp\Fundoo-Notes\fundoo\node_modules\@babel\runtime\helpers\regeneratorRuntime.js:66:24)
    at Generator.next (C:\Users\hp\Fundoo-Notes\fundoo\node_modules\@babel\runtime\helpers\regeneratorRuntime.js:117:21)
    at asyncGeneratorStep (C:\Users\hp\Fundoo-Notes\fundoo\node_modules\@babel\runtime\helpers\asyncToGenerator.js:3:24)
    at _next (C:\Users\hp\Fundoo-Notes\fundoo\node_modules\@babel\runtime\helpers\asyncToGenerator.js:25:9) 
    url - /api/v1/note/6318774a5d8cfe24c4c7cd0d/archive 
    method - PUT 
    IP - ::1
   {"timestamp":"2022-09-07T17:05:24.737Z"}
info: Server started at http://localhost:3000/api/v1/ {"timestamp":"2022-09-07T17:06:33.946Z"}
info: Connected to the database. {"timestamp":"2022-09-07T17:06:38.132Z"}
error: 
    status - 500 
    message - ReferenceError: body is not defined
    at _callee6$ (C:\Users\hp\Fundoo-Notes\fundoo\src\services\/notes.services.js:53:27)
    at tryCatch (C:\Users\hp\Fundoo-Notes\fundoo\node_modules\@babel\runtime\helpers\regeneratorRuntime.js:86:17)
    at Generator._invoke (C:\Users\hp\Fundoo-Notes\fundoo\node_modules\@babel\runtime\helpers\regeneratorRuntime.js:66:24)
    at Generator.next (C:\Users\hp\Fundoo-Notes\fundoo\node_modules\@babel\runtime\helpers\regeneratorRuntime.js:117:21)
    at asyncGeneratorStep (C:\Users\hp\Fundoo-Notes\fundoo\node_modules\@babel\runtime\helpers\asyncToGenerator.js:3:24)
    at _next (C:\Users\hp\Fundoo-Notes\fundoo\node_modules\@babel\runtime\helpers\asyncToGenerator.js:25:9)
    at C:\Users\hp\Fundoo-Notes\fundoo\node_modules\@babel\runtime\helpers\asyncToGenerator.js:32:7
    at new Promise (<anonymous>)
    at Object.<anonymous> (C:\Users\hp\Fundoo-Notes\fundoo\node_modules\@babel\runtime\helpers\asyncToGenerator.js:21:12)
    at Object.archiveNotes (C:\Users\hp\Fundoo-Notes\fundoo\src\services\/notes.services.js:50:26)
    at _callee6$ (C:\Users\hp\Fundoo-Notes\fundoo\src\controllers\/notes.controllers.js:104:36)
    at tryCatch (C:\Users\hp\Fundoo-Notes\fundoo\node_modules\@babel\runtime\helpers\regeneratorRuntime.js:86:17)
    at Generator._invoke (C:\Users\hp\Fundoo-Notes\fundoo\node_modules\@babel\runtime\helpers\regeneratorRuntime.js:66:24)
    at Generator.next (C:\Users\hp\Fundoo-Notes\fundoo\node_modules\@babel\runtime\helpers\regeneratorRuntime.js:117:21)
    at asyncGeneratorStep (C:\Users\hp\Fundoo-Notes\fundoo\node_modules\@babel\runtime\helpers\asyncToGenerator.js:3:24)
    at _next (C:\Users\hp\Fundoo-Notes\fundoo\node_modules\@babel\runtime\helpers\asyncToGenerator.js:25:9) 
    url - /api/v1/note/6318774a5d8cfe24c4c7cd0d/archive 
    method - PUT 
    IP - ::1
   {"timestamp":"2022-09-07T17:06:42.197Z"}
info: Server started at http://localhost:3000/api/v1/ {"timestamp":"2022-09-07T17:07:01.863Z"}
info: Connected to the database. {"timestamp":"2022-09-07T17:07:05.585Z"}
info: Server started at http://localhost:3000/api/v1/ {"timestamp":"2022-09-07T17:08:01.836Z"}
info: Connected to the database. {"timestamp":"2022-09-07T17:08:05.593Z"}
error: 
    status - 500 
    message - TypeError: Cannot read properties of undefined (reading 'userId')
    at _callee6$ (C:\Users\hp\Fundoo-Notes\fundoo\src\services\/notes.services.js:53:32)
    at tryCatch (C:\Users\hp\Fundoo-Notes\fundoo\node_modules\@babel\runtime\helpers\regeneratorRuntime.js:86:17)
    at Generator._invoke (C:\Users\hp\Fundoo-Notes\fundoo\node_modules\@babel\runtime\helpers\regeneratorRuntime.js:66:24)
    at Generator.next (C:\Users\hp\Fundoo-Notes\fundoo\node_modules\@babel\runtime\helpers\regeneratorRuntime.js:117:21)
    at asyncGeneratorStep (C:\Users\hp\Fundoo-Notes\fundoo\node_modules\@babel\runtime\helpers\asyncToGenerator.js:3:24)
    at _next (C:\Users\hp\Fundoo-Notes\fundoo\node_modules\@babel\runtime\helpers\asyncToGenerator.js:25:9)
    at C:\Users\hp\Fundoo-Notes\fundoo\node_modules\@babel\runtime\helpers\asyncToGenerator.js:32:7
    at new Promise (<anonymous>)
    at Object.<anonymous> (C:\Users\hp\Fundoo-Notes\fundoo\node_modules\@babel\runtime\helpers\asyncToGenerator.js:21:12)
    at Object.archiveNotes (C:\Users\hp\Fundoo-Notes\fundoo\src\services\/notes.services.js:50:26)
    at _callee6$ (C:\Users\hp\Fundoo-Notes\fundoo\src\controllers\/notes.controllers.js:104:36)
    at tryCatch (C:\Users\hp\Fundoo-Notes\fundoo\node_modules\@babel\runtime\helpers\regeneratorRuntime.js:86:17)
    at Generator._invoke (C:\Users\hp\Fundoo-Notes\fundoo\node_modules\@babel\runtime\helpers\regeneratorRuntime.js:66:24)
    at Generator.next (C:\Users\hp\Fundoo-Notes\fundoo\node_modules\@babel\runtime\helpers\regeneratorRuntime.js:117:21)
    at asyncGeneratorStep (C:\Users\hp\Fundoo-Notes\fundoo\node_modules\@babel\runtime\helpers\asyncToGenerator.js:3:24)
    at _next (C:\Users\hp\Fundoo-Notes\fundoo\node_modules\@babel\runtime\helpers\asyncToGenerator.js:25:9) 
    url - /api/v1/note/6318774a5d8cfe24c4c7cd0d/archive 
    method - PUT 
    IP - ::1
   {"timestamp":"2022-09-07T17:08:07.653Z"}
info: Server started at http://localhost:3000/api/v1/ {"timestamp":"2022-09-07T17:09:06.538Z"}
info: Connected to the database. {"timestamp":"2022-09-07T17:09:10.719Z"}
error: 
    status - 500 
    message - MongooseError: Callback must be a function, got [object Object]
    at Function.Model.$handleCallbackError (C:\Users\hp\Fundoo-Notes\fundoo\node_modules\mongoose\lib\model.js:5067:11)
    at Function.findByIdAndUpdate (C:\Users\hp\Fundoo-Notes\fundoo\node_modules\mongoose\lib\model.js:2694:19)
    at _callee6$ (C:\Users\hp\Fundoo-Notes\fundoo\src\services\/notes.services.js:51:27)
    at tryCatch (C:\Users\hp\Fundoo-Notes\fundoo\node_modules\@babel\runtime\helpers\regeneratorRuntime.js:86:17)
    at Generator._invoke (C:\Users\hp\Fundoo-Notes\fundoo\node_modules\@babel\runtime\helpers\regeneratorRuntime.js:66:24)
    at Generator.next (C:\Users\hp\Fundoo-Notes\fundoo\node_modules\@babel\runtime\helpers\regeneratorRuntime.js:117:21)
    at asyncGeneratorStep (C:\Users\hp\Fundoo-Notes\fundoo\node_modules\@babel\runtime\helpers\asyncToGenerator.js:3:24)
    at _next (C:\Users\hp\Fundoo-Notes\fundoo\node_modules\@babel\runtime\helpers\asyncToGenerator.js:25:9)
    at C:\Users\hp\Fundoo-Notes\fundoo\node_modules\@babel\runtime\helpers\asyncToGenerator.js:32:7
    at new Promise (<anonymous>)
    at Object.<anonymous> (C:\Users\hp\Fundoo-Notes\fundoo\node_modules\@babel\runtime\helpers\asyncToGenerator.js:21:12)
    at Object.archiveNotes (C:\Users\hp\Fundoo-Notes\fundoo\src\services\/notes.services.js:50:26)
    at _callee6$ (C:\Users\hp\Fundoo-Notes\fundoo\src\controllers\/notes.controllers.js:104:36)
    at tryCatch (C:\Users\hp\Fundoo-Notes\fundoo\node_modules\@babel\runtime\helpers\regeneratorRuntime.js:86:17)
    at Generator._invoke (C:\Users\hp\Fundoo-Notes\fundoo\node_modules\@babel\runtime\helpers\regeneratorRuntime.js:66:24)
    at Generator.next (C:\Users\hp\Fundoo-Notes\fundoo\node_modules\@babel\runtime\helpers\regeneratorRuntime.js:117:21) 
    url - /api/v1/note/6318774a5d8cfe24c4c7cd0d/archive 
    method - PUT 
    IP - ::1
   {"timestamp":"2022-09-07T17:09:15.126Z"}
info: Server started at http://localhost:3000/api/v1/ {"timestamp":"2022-09-07T17:12:37.574Z"}
info: Connected to the database. {"timestamp":"2022-09-07T17:12:41.261Z"}
error: 
    status - 500 
    message - TypeError: Cannot read properties of undefined (reading 'userId')
    at _callee5$ (C:\Users\hp\Fundoo-Notes\fundoo\src\services\/notes.services.js:41:30)
    at tryCatch (C:\Users\hp\Fundoo-Notes\fundoo\node_modules\@babel\runtime\helpers\regeneratorRuntime.js:86:17)
    at Generator._invoke (C:\Users\hp\Fundoo-Notes\fundoo\node_modules\@babel\runtime\helpers\regeneratorRuntime.js:66:24)
    at Generator.next (C:\Users\hp\Fundoo-Notes\fundoo\node_modules\@babel\runtime\helpers\regeneratorRuntime.js:117:21)
    at asyncGeneratorStep (C:\Users\hp\Fundoo-Notes\fundoo\node_modules\@babel\runtime\helpers\asyncToGenerator.js:3:24)
    at _next (C:\Users\hp\Fundoo-Notes\fundoo\node_modules\@babel\runtime\helpers\asyncToGenerator.js:25:9)
    at C:\Users\hp\Fundoo-Notes\fundoo\node_modules\@babel\runtime\helpers\asyncToGenerator.js:32:7
    at new Promise (<anonymous>)
    at Object.<anonymous> (C:\Users\hp\Fundoo-Notes\fundoo\node_modules\@babel\runtime\helpers\asyncToGenerator.js:21:12)
    at Object.getNotes (C:\Users\hp\Fundoo-Notes\fundoo\src\services\/notes.services.js:39:22)
    at _callee2$ (C:\Users\hp\Fundoo-Notes\fundoo\src\controllers\/notes.controllers.js:32:36)
    at tryCatch (C:\Users\hp\Fundoo-Notes\fundoo\node_modules\@babel\runtime\helpers\regeneratorRuntime.js:86:17)
    at Generator._invoke (C:\Users\hp\Fundoo-Notes\fundoo\node_modules\@babel\runtime\helpers\regeneratorRuntime.js:66:24)
    at Generator.next (C:\Users\hp\Fundoo-Notes\fundoo\node_modules\@babel\runtime\helpers\regeneratorRuntime.js:117:21)
    at asyncGeneratorStep (C:\Users\hp\Fundoo-Notes\fundoo\node_modules\@babel\runtime\helpers\asyncToGenerator.js:3:24)
    at _next (C:\Users\hp\Fundoo-Notes\fundoo\node_modules\@babel\runtime\helpers\asyncToGenerator.js:25:9) 
    url - /api/v1/note/6318774a5d8cfe24c4c7cd0d/ 
    method - GET 
    IP - ::1
   {"timestamp":"2022-09-07T17:13:25.655Z"}
info: Server started at http://localhost:3000/api/v1/ {"timestamp":"2022-09-07T17:14:37.467Z"}
info: Connected to the database. {"timestamp":"2022-09-07T17:14:41.056Z"}
info: Server started at http://localhost:3000/api/v1/ {"timestamp":"2022-09-07T17:15:29.858Z"}
info: Connected to the database. {"timestamp":"2022-09-07T17:15:33.703Z"}
info: Server started at http://localhost:3000/api/v1/ {"timestamp":"2022-09-07T17:16:01.425Z"}
info: Connected to the database. {"timestamp":"2022-09-07T17:16:04.921Z"}
info: Server started at http://localhost:3000/api/v1/ {"timestamp":"2022-09-07T17:16:36.748Z"}
info: Connected to the database. {"timestamp":"2022-09-07T17:16:41.389Z"}
info: Server started at http://localhost:3000/api/v1/ {"timestamp":"2022-09-07T17:19:08.306Z"}
info: Connected to the database. {"timestamp":"2022-09-07T17:19:12.394Z"}
info: Server started at http://localhost:3000/api/v1/ {"timestamp":"2022-09-07T17:21:18.459Z"}
info: Connected to the database. {"timestamp":"2022-09-07T17:21:21.888Z"}
info: Server started at http://localhost:3000/api/v1/ {"timestamp":"2022-09-07T17:21:25.838Z"}
info: Connected to the database. {"timestamp":"2022-09-07T17:21:29.944Z"}
info: Server started at http://localhost:3000/api/v1/ {"timestamp":"2022-09-07T17:22:41.096Z"}
info: Connected to the database. {"timestamp":"2022-09-07T17:22:44.558Z"}
info: Server started at http://localhost:3000/api/v1/ {"timestamp":"2022-09-07T17:28:22.846Z"}
info: Connected to the database. {"timestamp":"2022-09-07T17:28:26.751Z"}
info: Server started at http://localhost:3000/api/v1/ {"timestamp":"2022-09-07T17:41:37.307Z"}
info: Server started at http://localhost:3000/api/v1/ {"timestamp":"2022-09-08T01:58:58.798Z"}
info: Connected to the database. {"timestamp":"2022-09-08T01:59:01.224Z"}
info: Server started at http://localhost:3000/api/v1/ {"timestamp":"2022-09-08T02:02:03.141Z"}
info: Connected to the database. {"timestamp":"2022-09-08T02:02:05.617Z"}
info: Server started at http://localhost:3000/api/v1/ {"timestamp":"2022-09-08T02:36:47.624Z"}
error: 
    status - 500 
    message - CastError: Cast to ObjectId failed for value "{ _id: [Function: id], userId: [Function: id] }" (type Object) at path "_id" for model "Note"
    at model.Query.exec (C:\Users\hp\Fundoo-Notes\fundoo\node_modules\mongoose\lib\query.js:4498:21)
    at model.Query.Query.then (C:\Users\hp\Fundoo-Notes\fundoo\node_modules\mongoose\lib\query.js:4592:15)
    at processTicksAndRejections (node:internal/process/task_queues:95:5) 
    url - /api/v1/note/6318774a5d8cfe24c4c7cd0d/archive 
    method - PUT 
    IP - ::1
   {"timestamp":"2022-09-08T02:36:49.749Z"}
info: Connected to the database. {"timestamp":"2022-09-08T02:36:50.062Z"}
info: Server started at http://localhost:3000/api/v1/ {"timestamp":"2022-09-08T02:37:10.913Z"}
info: Connected to the database. {"timestamp":"2022-09-08T02:37:13.537Z"}
info: Server started at http://localhost:3000/api/v1/ {"timestamp":"2022-09-08T02:37:48.155Z"}
info: Connected to the database. {"timestamp":"2022-09-08T02:37:50.577Z"}
info: Server started at http://localhost:3000/api/v1/ {"timestamp":"2022-09-08T02:38:22.665Z"}
info: Connected to the database. {"timestamp":"2022-09-08T02:38:25.133Z"}
info: Server started at http://localhost:3000/api/v1/ {"timestamp":"2022-09-08T02:38:47.942Z"}
info: Connected to the database. {"timestamp":"2022-09-08T02:38:50.372Z"}
info: Server started at http://localhost:3000/api/v1/ {"timestamp":"2022-09-08T02:41:50.529Z"}
info: Connected to the database. {"timestamp":"2022-09-08T02:41:53.004Z"}
info: Server started at http://localhost:3000/api/v1/ {"timestamp":"2022-09-08T02:42:02.098Z"}
info: Connected to the database. {"timestamp":"2022-09-08T02:42:04.592Z"}
info: Server started at http://localhost:3000/api/v1/ {"timestamp":"2022-09-08T02:42:20.886Z"}
info: Connected to the database. {"timestamp":"2022-09-08T02:42:23.286Z"}
info: Server started at http://localhost:3000/api/v1/ {"timestamp":"2022-09-08T02:42:48.265Z"}
info: Connected to the database. {"timestamp":"2022-09-08T02:42:50.737Z"}
info: Server started at http://localhost:3000/api/v1/ {"timestamp":"2022-09-08T02:43:29.506Z"}
info: Connected to the database. {"timestamp":"2022-09-08T02:43:31.943Z"}
info: Server started at http://localhost:3000/api/v1/ {"timestamp":"2022-09-08T08:47:35.809Z"}
info: Connected to the database. {"timestamp":"2022-09-08T08:47:39.997Z"}
error: 
    status - 500 
    message - ObjectParameterError: Parameter "obj" to Document() must be an object, got paraj@gmail.com
    at model.Document (C:\Users\hp\Fundoo-Notes\fundoo\node_modules\mongoose\lib\document.js:100:11)
    at model.Model (C:\Users\hp\Fundoo-Notes\fundoo\node_modules\mongoose\lib\model.js:106:12)
    at new model (C:\Users\hp\Fundoo-Notes\fundoo\node_modules\mongoose\lib\model.js:4911:15)
    at C:\Users\hp\Fundoo-Notes\fundoo\node_modules\mongoose\lib\model.js:3157:22
    at C:\Users\hp\Fundoo-Notes\fundoo\node_modules\mongoose\lib\model.js:3193:7
    at Array.forEach (<anonymous>)
    at C:\Users\hp\Fundoo-Notes\fundoo\node_modules\mongoose\lib\model.js:3192:15
    at C:\Users\hp\Fundoo-Notes\fundoo\node_modules\mongoose\lib\helpers\promiseOrCallback.js:32:5
    at new Promise (<anonymous>)
    at promiseOrCallback (C:\Users\hp\Fundoo-Notes\fundoo\node_modules\mongoose\lib\helpers\promiseOrCallback.js:31:10)
    at Mongoose._promiseOrCallback (C:\Users\hp\Fundoo-Notes\fundoo\node_modules\mongoose\lib\index.js:1149:10)
    at Function.create (C:\Users\hp\Fundoo-Notes\fundoo\node_modules\mongoose\lib\model.js:3127:23)
    at _callee2$ (C:\Users\hp\Fundoo-Notes\fundoo\src\services\/notes.services.js:13:27)
    at tryCatch (C:\Users\hp\Fundoo-Notes\fundoo\node_modules\@babel\runtime\helpers\regeneratorRuntime.js:86:17)
    at Generator._invoke (C:\Users\hp\Fundoo-Notes\fundoo\node_modules\@babel\runtime\helpers\regeneratorRuntime.js:66:24)
    at Generator.next (C:\Users\hp\Fundoo-Notes\fundoo\node_modules\@babel\runtime\helpers\regeneratorRuntime.js:117:21) 
    url - /api/v1/note 
    method - POST 
    IP - ::1
   {"timestamp":"2022-09-08T08:48:05.185Z"}
error: 
    status - 500 
    message - ObjectParameterError: Parameter "obj" to Document() must be an object, got paraj@gmail.com
    at model.Document (C:\Users\hp\Fundoo-Notes\fundoo\node_modules\mongoose\lib\document.js:100:11)
    at model.Model (C:\Users\hp\Fundoo-Notes\fundoo\node_modules\mongoose\lib\model.js:106:12)
    at new model (C:\Users\hp\Fundoo-Notes\fundoo\node_modules\mongoose\lib\model.js:4911:15)
    at C:\Users\hp\Fundoo-Notes\fundoo\node_modules\mongoose\lib\model.js:3157:22
    at C:\Users\hp\Fundoo-Notes\fundoo\node_modules\mongoose\lib\model.js:3193:7
    at Array.forEach (<anonymous>)
    at C:\Users\hp\Fundoo-Notes\fundoo\node_modules\mongoose\lib\model.js:3192:15
    at C:\Users\hp\Fundoo-Notes\fundoo\node_modules\mongoose\lib\helpers\promiseOrCallback.js:32:5
    at new Promise (<anonymous>)
    at promiseOrCallback (C:\Users\hp\Fundoo-Notes\fundoo\node_modules\mongoose\lib\helpers\promiseOrCallback.js:31:10)
    at Mongoose._promiseOrCallback (C:\Users\hp\Fundoo-Notes\fundoo\node_modules\mongoose\lib\index.js:1149:10)
    at Function.create (C:\Users\hp\Fundoo-Notes\fundoo\node_modules\mongoose\lib\model.js:3127:23)
    at _callee2$ (C:\Users\hp\Fundoo-Notes\fundoo\src\services\/notes.services.js:13:27)
    at tryCatch (C:\Users\hp\Fundoo-Notes\fundoo\node_modules\@babel\runtime\helpers\regeneratorRuntime.js:86:17)
    at Generator._invoke (C:\Users\hp\Fundoo-Notes\fundoo\node_modules\@babel\runtime\helpers\regeneratorRuntime.js:66:24)
    at Generator.next (C:\Users\hp\Fundoo-Notes\fundoo\node_modules\@babel\runtime\helpers\regeneratorRuntime.js:117:21) 
    url - /api/v1/note 
    method - POST 
    IP - ::1
   {"timestamp":"2022-09-08T08:48:25.958Z"}
info: Server started at http://localhost:3000/api/v1/ {"timestamp":"2022-09-08T08:48:42.568Z"}
info: Connected to the database. {"timestamp":"2022-09-08T08:48:45.519Z"}
info: Server started at http://localhost:3000/api/v1/ {"timestamp":"2022-09-08T08:50:00.398Z"}
info: Connected to the database. {"timestamp":"2022-09-08T08:50:05.914Z"}
error: 
    status - 500 
    message - TypeError: Cannot read properties of undefined (reading 'userId')
    at _callee4$ (C:\Users\hp\Fundoo-Notes\fundoo\src\services\/notes.services.js:36:26)
    at tryCatch (C:\Users\hp\Fundoo-Notes\fundoo\node_modules\@babel\runtime\helpers\regeneratorRuntime.js:86:17)
    at Generator._invoke (C:\Users\hp\Fundoo-Notes\fundoo\node_modules\@babel\runtime\helpers\regeneratorRuntime.js:66:24)
    at Generator.next (C:\Users\hp\Fundoo-Notes\fundoo\node_modules\@babel\runtime\helpers\regeneratorRuntime.js:117:21)
    at asyncGeneratorStep (C:\Users\hp\Fundoo-Notes\fundoo\node_modules\@babel\runtime\helpers\asyncToGenerator.js:3:24)
    at _next (C:\Users\hp\Fundoo-Notes\fundoo\node_modules\@babel\runtime\helpers\asyncToGenerator.js:25:9)
    at C:\Users\hp\Fundoo-Notes\fundoo\node_modules\@babel\runtime\helpers\asyncToGenerator.js:32:7
    at new Promise (<anonymous>)
    at Object.<anonymous> (C:\Users\hp\Fundoo-Notes\fundoo\node_modules\@babel\runtime\helpers\asyncToGenerator.js:21:12)
    at Object.deleteNotes (C:\Users\hp\Fundoo-Notes\fundoo\src\services\/notes.services.js:34:25)
    at _callee5$ (C:\Users\hp\Fundoo-Notes\fundoo\src\controllers\/notes.controllers.js:90:23)
    at tryCatch (C:\Users\hp\Fundoo-Notes\fundoo\node_modules\@babel\runtime\helpers\regeneratorRuntime.js:86:17)
    at Generator._invoke (C:\Users\hp\Fundoo-Notes\fundoo\node_modules\@babel\runtime\helpers\regeneratorRuntime.js:66:24)
    at Generator.next (C:\Users\hp\Fundoo-Notes\fundoo\node_modules\@babel\runtime\helpers\regeneratorRuntime.js:117:21)
    at asyncGeneratorStep (C:\Users\hp\Fundoo-Notes\fundoo\node_modules\@babel\runtime\helpers\asyncToGenerator.js:3:24)
    at _next (C:\Users\hp\Fundoo-Notes\fundoo\node_modules\@babel\runtime\helpers\asyncToGenerator.js:25:9) 
    url - /api/v1/note/6319ac71f276ce3c84ccf22e 
    method - DELETE 
    IP - ::1
   {"timestamp":"2022-09-08T08:50:15.860Z"}
info: Server started at http://localhost:3000/api/v1/ {"timestamp":"2022-09-08T08:50:31.078Z"}
info: Connected to the database. {"timestamp":"2022-09-08T08:50:34.905Z"}
info: Server started at http://localhost:3000/api/v1/ {"timestamp":"2022-09-08T09:09:14.476Z"}
info: Connected to the database. {"timestamp":"2022-09-08T09:09:17.776Z"}
info: Server started at http://localhost:3000/api/v1/ {"timestamp":"2022-09-08T09:33:05.275Z"}
info: Connected to the database. {"timestamp":"2022-09-08T09:33:08.619Z"}
info: Server started at http://localhost:3000/api/v1/ {"timestamp":"2022-09-08T09:33:52.509Z"}
info: Connected to the database. {"timestamp":"2022-09-08T09:33:56.737Z"}
info: Server started at http://localhost:3000/api/v1/ {"timestamp":"2022-09-08T09:34:43.680Z"}
info: Connected to the database. {"timestamp":"2022-09-08T09:34:47.210Z"}
error: 
    status - 500 
    message - CastError: Cast to Boolean failed for value "Infinity" (type number) at path "isArchived"
    at model.Query.exec (C:\Users\hp\Fundoo-Notes\fundoo\node_modules\mongoose\lib\query.js:4498:21)
    at model.Query.Query.then (C:\Users\hp\Fundoo-Notes\fundoo\node_modules\mongoose\lib\query.js:4592:15)
    at processTicksAndRejections (node:internal/process/task_queues:95:5) 
    url - /api/v1/note/6318774a5d8cfe24c4c7cd0d/archive 
    method - PUT 
    IP - ::1
   {"timestamp":"2022-09-08T09:34:57.814Z"}
info: Server started at http://localhost:3000/api/v1/ {"timestamp":"2022-09-08T09:35:16.220Z"}
info: Connected to the database. {"timestamp":"2022-09-08T09:35:22.100Z"}
info: Server started at http://localhost:3000/api/v1/ {"timestamp":"2022-09-08T09:35:33.984Z"}
info: Connected to the database. {"timestamp":"2022-09-08T09:35:38.157Z"}
info: Server started at http://localhost:3000/api/v1/ {"timestamp":"2022-09-08T09:36:37.261Z"}
info: Connected to the database. {"timestamp":"2022-09-08T09:36:40.640Z"}
info: Server started at http://localhost:3000/api/v1/ {"timestamp":"2022-09-08T14:58:18.033Z"}
info: Connected to the database. {"timestamp":"2022-09-08T14:58:20.988Z"}
info: Server started at http://localhost:3000/api/v1/ {"timestamp":"2022-09-08T18:36:35.546Z"}
info: Connected to the database. {"timestamp":"2022-09-08T18:36:38.630Z"}
info: Server started at http://localhost:3000/api/v1/ {"timestamp":"2022-09-08T18:42:37.921Z"}
info: Connected to the database. {"timestamp":"2022-09-08T18:42:40.416Z"}
info: Server started at http://localhost:3000/api/v1/ {"timestamp":"2022-09-09T02:35:18.882Z"}
info: Connected to the database. {"timestamp":"2022-09-09T02:35:21.408Z"}
info: Server started at http://localhost:3000/api/v1/ {"timestamp":"2022-09-12T09:36:14.249Z"}
info: Connected to the database. {"timestamp":"2022-09-12T09:36:18.071Z"}
info: Server started at http://localhost:3000/api/v1/ {"timestamp":"2022-09-12T09:37:21.300Z"}
info: Connected to the database. {"timestamp":"2022-09-12T09:37:26.687Z"}
info: Server started at http://localhost:3000/api/v1/ {"timestamp":"2022-09-12T09:40:46.562Z"}
info: Connected to the database. {"timestamp":"2022-09-12T09:40:50.578Z"}
info: Server started at http://localhost:3000/api/v1/ {"timestamp":"2022-09-12T09:45:17.071Z"}
info: Connected to the database. {"timestamp":"2022-09-12T09:45:21.011Z"}
info: Server started at http://localhost:3000/api/v1/ {"timestamp":"2022-09-12T09:45:48.546Z"}
info: Connected to the database. {"timestamp":"2022-09-12T09:45:52.647Z"}
info: Server started at http://localhost:3000/api/v1/ {"timestamp":"2022-09-12T09:47:07.891Z"}
info: Connected to the database. {"timestamp":"2022-09-12T09:47:11.718Z"}
info: Server started at http://localhost:3000/api/v1/ {"timestamp":"2022-09-12T09:48:03.564Z"}
info: Connected to the database. {"timestamp":"2022-09-12T09:48:08.036Z"}
info: Server started at http://localhost:3000/api/v1/ {"timestamp":"2022-09-12T09:48:39.459Z"}
info: Connected to the database. {"timestamp":"2022-09-12T09:48:45.721Z"}
info: Server started at http://localhost:3000/api/v1/ {"timestamp":"2022-09-12T09:50:49.829Z"}
info: Connected to the database. {"timestamp":"2022-09-12T09:50:53.000Z"}
info: Server started at http://localhost:3000/api/v1/ {"timestamp":"2022-09-12T09:51:23.414Z"}
info: Connected to the database. {"timestamp":"2022-09-12T09:51:28.132Z"}
info: Server started at http://localhost:3000/api/v1/ {"timestamp":"2022-09-12T09:54:36.767Z"}
info: Server started at http://localhost:3000/api/v1/ {"timestamp":"2022-09-12T09:54:45.009Z"}
info: Connected to the database. {"timestamp":"2022-09-12T09:54:52.727Z"}
info: Server started at http://localhost:3000/api/v1/ {"timestamp":"2022-09-12T09:56:12.466Z"}
info: Connected to the database. {"timestamp":"2022-09-12T09:56:16.194Z"}
info: Server started at http://localhost:3000/api/v1/ {"timestamp":"2022-09-12T09:58:39.759Z"}
info: Connected to the database. {"timestamp":"2022-09-12T09:58:42.713Z"}
info: Server started at http://localhost:3000/api/v1/ {"timestamp":"2022-09-12T09:59:38.647Z"}
info: Connected to the database. {"timestamp":"2022-09-12T09:59:41.540Z"}
info: Server started at http://localhost:3000/api/v1/ {"timestamp":"2022-09-12T10:01:11.171Z"}
info: Connected to the database. {"timestamp":"2022-09-12T10:01:14.359Z"}
info: Server started at http://localhost:3000/api/v1/ {"timestamp":"2022-09-12T10:51:05.781Z"}
info: Connected to the database. {"timestamp":"2022-09-12T10:51:08.789Z"}
info: Server started at http://localhost:3000/api/v1/ {"timestamp":"2022-09-12T10:52:27.693Z"}
info: Connected to the database. {"timestamp":"2022-09-12T10:52:30.590Z"}
info: Server started at http://localhost:3000/api/v1/ {"timestamp":"2022-09-12T10:52:36.876Z"}
info: Connected to the database. {"timestamp":"2022-09-12T10:52:39.762Z"}
info: Server started at http://localhost:3000/api/v1/ {"timestamp":"2022-09-12T10:54:36.316Z"}
info: Connected to the database. {"timestamp":"2022-09-12T10:54:39.224Z"}
info: Server started at http://localhost:3000/api/v1/ {"timestamp":"2022-09-12T10:59:48.157Z"}
info: Connected to the database. {"timestamp":"2022-09-12T10:59:51.079Z"}
info: Server started at http://localhost:3000/api/v1/ {"timestamp":"2022-09-12T11:03:36.040Z"}
info: Connected to the database. {"timestamp":"2022-09-12T11:03:39.085Z"}
info: Server started at http://localhost:3000/api/v1/ {"timestamp":"2022-09-12T11:04:44.636Z"}
info: Connected to the database. {"timestamp":"2022-09-12T11:04:48.130Z"}
info: Server started at http://localhost:3000/api/v1/ {"timestamp":"2022-09-12T11:04:58.350Z"}
info: Connected to the database. {"timestamp":"2022-09-12T11:05:01.327Z"}
info: Server started at http://localhost:3000/api/v1/ {"timestamp":"2022-09-12T11:11:23.310Z"}
info: Connected to the database. {"timestamp":"2022-09-12T11:11:26.237Z"}
info: Server started at http://localhost:3000/api/v1/ {"timestamp":"2022-09-12T11:35:58.274Z"}
info: Connected to the database. {"timestamp":"2022-09-12T11:36:01.626Z"}
info: Server started at http://localhost:3000/api/v1/ {"timestamp":"2022-09-12T11:40:35.650Z"}
info: Connected to the database. {"timestamp":"2022-09-12T11:40:38.559Z"}
info: Server started at http://localhost:3000/api/v1/ {"timestamp":"2022-09-12T11:42:04.664Z"}
info: Connected to the database. {"timestamp":"2022-09-12T11:42:07.924Z"}
info: Server started at http://localhost:3000/api/v1/ {"timestamp":"2022-09-12T11:42:32.542Z"}
info: Connected to the database. {"timestamp":"2022-09-12T11:42:35.574Z"}
info: Server started at http://localhost:3000/api/v1/ {"timestamp":"2022-09-12T11:42:59.265Z"}
info: Connected to the database. {"timestamp":"2022-09-12T11:43:02.187Z"}
info: Server started at http://localhost:3000/api/v1/ {"timestamp":"2022-09-12T11:44:56.178Z"}
info: Connected to the database. {"timestamp":"2022-09-12T11:44:59.195Z"}
info: Server started at http://localhost:3000/api/v1/ {"timestamp":"2022-09-12T11:45:16.948Z"}
info: Connected to the database. {"timestamp":"2022-09-12T11:45:19.834Z"}
info: Server started at http://localhost:3000/api/v1/ {"timestamp":"2022-09-12T11:47:37.354Z"}
info: Connected to the database. {"timestamp":"2022-09-12T11:47:40.264Z"}
info: Server started at http://localhost:3000/api/v1/ {"timestamp":"2022-09-12T11:52:28.327Z"}
info: Connected to the database. {"timestamp":"2022-09-12T11:52:31.301Z"}
info: Server started at http://localhost:3000/api/v1/ {"timestamp":"2022-09-12T11:54:56.692Z"}
info: Connected to the database. {"timestamp":"2022-09-12T11:54:59.598Z"}
info: Server started at http://localhost:3000/api/v1/ {"timestamp":"2022-09-12T11:57:05.698Z"}
info: Connected to the database. {"timestamp":"2022-09-12T11:57:08.578Z"}
info: Server started at http://localhost:3000/api/v1/ {"timestamp":"2022-09-12T11:57:49.790Z"}
info: Connected to the database. {"timestamp":"2022-09-12T11:57:52.621Z"}
info: Server started at http://localhost:3000/api/v1/ {"timestamp":"2022-09-12T12:04:49.318Z"}
info: Connected to the database. {"timestamp":"2022-09-12T12:04:52.287Z"}
info: Server started at http://localhost:3000/api/v1/ {"timestamp":"2022-09-12T12:04:57.880Z"}
info: Connected to the database. {"timestamp":"2022-09-12T12:05:00.849Z"}
info: Server started at http://localhost:3000/api/v1/ {"timestamp":"2022-09-12T12:06:19.278Z"}
info: Connected to the database. {"timestamp":"2022-09-12T12:06:22.154Z"}
error: 
    status - 500 
    message - ReferenceError: body is not defined
    at _callee6$ (C:\Users\hp\Fundoo-Notes\fundoo\src\services\/notes.services.js:55:23)
    at tryCatch (C:\Users\hp\Fundoo-Notes\fundoo\node_modules\@babel\runtime\helpers\regeneratorRuntime.js:86:17)
    at Generator._invoke (C:\Users\hp\Fundoo-Notes\fundoo\node_modules\@babel\runtime\helpers\regeneratorRuntime.js:66:24)
    at Generator.next (C:\Users\hp\Fundoo-Notes\fundoo\node_modules\@babel\runtime\helpers\regeneratorRuntime.js:117:21)
    at asyncGeneratorStep (C:\Users\hp\Fundoo-Notes\fundoo\node_modules\@babel\runtime\helpers\asyncToGenerator.js:3:24)
    at _next (C:\Users\hp\Fundoo-Notes\fundoo\node_modules\@babel\runtime\helpers\asyncToGenerator.js:25:9)
    at C:\Users\hp\Fundoo-Notes\fundoo\node_modules\@babel\runtime\helpers\asyncToGenerator.js:32:7
    at new Promise (<anonymous>)
    at Object.<anonymous> (C:\Users\hp\Fundoo-Notes\fundoo\node_modules\@babel\runtime\helpers\asyncToGenerator.js:21:12)
    at Object.archiveNotes (C:\Users\hp\Fundoo-Notes\fundoo\src\services\/notes.services.js:52:26)
    at _callee6$ (C:\Users\hp\Fundoo-Notes\fundoo\src\controllers\/notes.controllers.js:104:36)
    at tryCatch (C:\Users\hp\Fundoo-Notes\fundoo\node_modules\@babel\runtime\helpers\regeneratorRuntime.js:86:17)
    at Generator._invoke (C:\Users\hp\Fundoo-Notes\fundoo\node_modules\@babel\runtime\helpers\regeneratorRuntime.js:66:24)
    at Generator.next (C:\Users\hp\Fundoo-Notes\fundoo\node_modules\@babel\runtime\helpers\regeneratorRuntime.js:117:21)
    at asyncGeneratorStep (C:\Users\hp\Fundoo-Notes\fundoo\node_modules\@babel\runtime\helpers\asyncToGenerator.js:3:24)
    at _next (C:\Users\hp\Fundoo-Notes\fundoo\node_modules\@babel\runtime\helpers\asyncToGenerator.js:25:9) 
    url - /api/v1/note/6318774a5d8cfe24c4c7cd0d/archive 
    method - PUT 
    IP - ::1
   {"timestamp":"2022-09-12T12:08:30.461Z"}
info: Server started at http://localhost:3000/api/v1/ {"timestamp":"2022-09-12T12:13:12.867Z"}
info: Connected to the database. {"timestamp":"2022-09-12T12:13:15.811Z"}
info: Server started at http://localhost:3000/api/v1/ {"timestamp":"2022-09-12T16:12:51.845Z"}
info: Connected to the database. {"timestamp":"2022-09-12T16:12:55.997Z"}
info: Server started at http://localhost:3000/api/v1/ {"timestamp":"2022-09-12T16:13:10.911Z"}
info: Server started at http://localhost:3000/api/v1/ {"timestamp":"2022-09-13T04:17:53.471Z"}
info: Connected to the database. {"timestamp":"2022-09-13T04:17:56.468Z"}
info: Server started at http://localhost:3000/api/v1/ {"timestamp":"2022-09-13T05:17:17.386Z"}
info: Connected to the database. {"timestamp":"2022-09-13T05:17:21.071Z"}
info: Server started at http://localhost:3000/api/v1/ {"timestamp":"2022-09-13T05:18:08.296Z"}
info: Connected to the database. {"timestamp":"2022-09-13T05:18:11.248Z"}
info: Server started at http://localhost:3000/api/v1/ {"timestamp":"2022-09-13T05:30:32.183Z"}
info: Connected to the database. {"timestamp":"2022-09-13T05:30:35.964Z"}
info: Server started at http://localhost:3000/api/v1/ {"timestamp":"2022-09-13T05:32:07.166Z"}
info: Connected to the database. {"timestamp":"2022-09-13T05:32:10.689Z"}
info: Server started at http://localhost:3000/api/v1/ {"timestamp":"2022-09-13T05:34:02.356Z"}
info: Connected to the database. {"timestamp":"2022-09-13T05:34:07.314Z"}
info: Server started at http://localhost:3000/api/v1/ {"timestamp":"2022-09-13T05:34:39.114Z"}
info: Connected to the database. {"timestamp":"2022-09-13T05:34:42.932Z"}
info: Server started at http://localhost:3000/api/v1/ {"timestamp":"2022-09-13T05:35:24.644Z"}
info: Connected to the database. {"timestamp":"2022-09-13T05:35:28.415Z"}
info: Server started at http://localhost:3000/api/v1/ {"timestamp":"2022-09-13T05:36:07.745Z"}
info: Connected to the database. {"timestamp":"2022-09-13T05:36:11.629Z"}
info: Server started at http://localhost:3000/api/v1/ {"timestamp":"2022-09-13T05:40:13.753Z"}
info: Connected to the database. {"timestamp":"2022-09-13T05:40:17.285Z"}
error: 
      status - 401
      message - Authorization token is Incorrect 
      url - /api/v1/users/resetPwd/token 
      method - POST 
      IP - ::1
     {"timestamp":"2022-09-13T05:41:28.458Z"}
info: Server started at http://localhost:3000/api/v1/ {"timestamp":"2022-09-13T05:42:33.108Z"}
info: Server started at http://localhost:3000/api/v1/ {"timestamp":"2022-09-13T06:46:58.979Z"}
info: Connected to the database. {"timestamp":"2022-09-13T06:47:02.396Z"}
error: 
    status - 500 
    message - SyntaxError: Unexpected token } in JSON at position 43
    at JSON.parse (<anonymous>)
    at parse (C:\Users\hp\Fundoo-Notes\fundoo\node_modules\body-parser\lib\types\json.js:89:19)
    at C:\Users\hp\Fundoo-Notes\fundoo\node_modules\body-parser\lib\read.js:128:18
    at AsyncResource.runInAsyncScope (node:async_hooks:203:9)
    at invokeCallback (C:\Users\hp\Fundoo-Notes\fundoo\node_modules\raw-body\index.js:231:16)
    at done (C:\Users\hp\Fundoo-Notes\fundoo\node_modules\raw-body\index.js:220:7)
    at IncomingMessage.onEnd (C:\Users\hp\Fundoo-Notes\fundoo\node_modules\raw-body\index.js:280:7)
    at IncomingMessage.emit (node:events:537:28)
    at IncomingMessage.emit (node:domain:482:12)
    at endReadableNT (node:internal/streams/readable:1359:12)
    at processTicksAndRejections (node:internal/process/task_queues:82:21) 
    url - /api/v1/users/resetPwd/eyJhbGciOiJIUzI1NiIsInR5cCI6IkpXVCJ9.eyJGaXJzdE5hbWUiOiJhc2hpc2giLCJMYXN0TmFtZSI6ImdhamJoaXllIiwiRW1haWxJZCI6ImFzaGlzaEBnbWFpbC5jb20iLCJpZCI6IjYzMjAyODczYmJkMWZmMzNhYzg3NWNjNCIsImlhdCI6MTY2MzA1MTk0NH0.lGRVgQt3OvUghLHvV5-xjXLOwkFfJXWE_fI6nGIElRc 
    method - PUT 
    IP - ::1
   {"timestamp":"2022-09-13T06:53:00.696Z"}
info: Server started at http://localhost:3000/api/v1/ {"timestamp":"2022-09-13T06:57:00.513Z"}
info: Connected to the database. {"timestamp":"2022-09-13T06:57:03.641Z"}
error: 
      status - 401
      message - Authorization token is Incorrect 
      url - /api/v1/users/resetPwd/eyJhbGciOiJIUzI1NiIsInR5cCI6IkpXVCJ9.eyJGaXJzdE5hbWUiOiJhc2hpc2giLCJMYXN0TmFtZSI6ImdhamJoaXllIiwiRW1haWxJZCI6ImFzaGlzaEBnbWFpbC5jb20iLCJpZCI6IjYzMjAyODczYmJkMWZmMzNhYzg3NWNjNCIsImlhdCI6MTY2MzA1MjE1N30.r1Kr8L9RlkqO-yPaEQNGg2j5yBJz8N_SuBEaPx2Rkug 
      method - PUT 
      IP - ::1
     {"timestamp":"2022-09-13T06:57:46.423Z"}
info: Server started at http://localhost:3000/api/v1/ {"timestamp":"2022-09-13T06:58:41.545Z"}
info: Connected to the database. {"timestamp":"2022-09-13T06:58:44.633Z"}
info: Server started at http://localhost:3000/api/v1/ {"timestamp":"2022-09-13T06:59:11.956Z"}
info: Connected to the database. {"timestamp":"2022-09-13T06:59:15.160Z"}
info: Server started at http://localhost:3000/api/v1/ {"timestamp":"2022-09-13T07:01:13.148Z"}
info: Connected to the database. {"timestamp":"2022-09-13T07:01:16.263Z"}
info: Server started at http://localhost:3000/api/v1/ {"timestamp":"2022-09-13T07:19:54.113Z"}
info: Connected to the database. {"timestamp":"2022-09-13T07:19:58.749Z"}
info: Server started at http://localhost:3000/api/v1/ {"timestamp":"2022-09-14T03:47:17.649Z"}
info: Connected to the database. {"timestamp":"2022-09-14T03:47:21.284Z"}
info: Server started at http://localhost:3000/api/v1/ {"timestamp":"2022-09-14T03:50:30.150Z"}
info: Connected to the database. {"timestamp":"2022-09-14T03:50:39.230Z"}
info: Server started at http://localhost:3000/api/v1/ {"timestamp":"2022-09-14T04:07:06.973Z"}
error: Could not connect to the database. querySrv ECONNREFUSED _mongodb._tcp.demo.aoloa.mongodb.net {"code":"ECONNREFUSED","hostname":"_mongodb._tcp.demo.aoloa.mongodb.net","stack":"Error: querySrv ECONNREFUSED _mongodb._tcp.demo.aoloa.mongodb.net\n    at QueryReqWrap.onresolve [as oncomplete] (node:dns:276:19)","syscall":"querySrv","timestamp":"2022-09-14T04:07:07.000Z"}
info: Server started at http://localhost:3000/api/v1/ {"timestamp":"2022-09-14T04:07:41.910Z"}
info: Connected to the database. {"timestamp":"2022-09-14T04:07:46.986Z"}
info: Server started at http://localhost:3000/api/v1/ {"timestamp":"2022-09-14T04:24:45.161Z"}
info: Connected to the database. {"timestamp":"2022-09-14T04:24:48.136Z"}
info: Server started at http://localhost:3000/api/v1/ {"timestamp":"2022-09-14T04:28:22.510Z"}
info: Connected to the database. {"timestamp":"2022-09-14T04:28:25.588Z"}
error: 
    status - 500 
    message - SyntaxError: Unexpected token } in JSON at position 52
    at JSON.parse (<anonymous>)
    at parse (C:\Users\hp\Fundoo-Notes\fundoo\node_modules\body-parser\lib\types\json.js:89:19)
    at C:\Users\hp\Fundoo-Notes\fundoo\node_modules\body-parser\lib\read.js:128:18
    at AsyncResource.runInAsyncScope (node:async_hooks:203:9)
    at invokeCallback (C:\Users\hp\Fundoo-Notes\fundoo\node_modules\raw-body\index.js:231:16)
    at done (C:\Users\hp\Fundoo-Notes\fundoo\node_modules\raw-body\index.js:220:7)
    at IncomingMessage.onEnd (C:\Users\hp\Fundoo-Notes\fundoo\node_modules\raw-body\index.js:280:7)
    at IncomingMessage.emit (node:events:537:28)
    at IncomingMessage.emit (node:domain:482:12)
    at endReadableNT (node:internal/streams/readable:1359:12)
    at processTicksAndRejections (node:internal/process/task_queues:82:21) 
    url - /api/v1/users/forgetPwd 
    method - POST 
    IP - ::1
   {"timestamp":"2022-09-14T04:37:02.844Z"}
info: Server started at http://localhost:3000/api/v1/ {"timestamp":"2022-09-14T04:38:20.521Z"}
info: Connected to the database. {"timestamp":"2022-09-14T04:38:23.570Z"}
info: Server started at http://localhost:3000/api/v1/ {"timestamp":"2022-09-14T04:38:52.638Z"}
info: Connected to the database. {"timestamp":"2022-09-14T04:38:55.631Z"}
info: Server started at http://localhost:3000/api/v1/ {"timestamp":"2022-09-14T04:43:52.734Z"}
info: Connected to the database. {"timestamp":"2022-09-14T04:43:55.788Z"}
error: 
    status - 500 
    message - SyntaxError: Unexpected token } in JSON at position 52
    at JSON.parse (<anonymous>)
    at parse (C:\Users\hp\Fundoo-Notes\fundoo\node_modules\body-parser\lib\types\json.js:89:19)
    at C:\Users\hp\Fundoo-Notes\fundoo\node_modules\body-parser\lib\read.js:128:18
    at AsyncResource.runInAsyncScope (node:async_hooks:203:9)
    at invokeCallback (C:\Users\hp\Fundoo-Notes\fundoo\node_modules\raw-body\index.js:231:16)
    at done (C:\Users\hp\Fundoo-Notes\fundoo\node_modules\raw-body\index.js:220:7)
    at IncomingMessage.onEnd (C:\Users\hp\Fundoo-Notes\fundoo\node_modules\raw-body\index.js:280:7)
    at IncomingMessage.emit (node:events:537:28)
    at IncomingMessage.emit (node:domain:482:12)
    at endReadableNT (node:internal/streams/readable:1359:12)
    at processTicksAndRejections (node:internal/process/task_queues:82:21) 
    url - /api/v1/users/forgetPwd 
    method - POST 
    IP - ::1
   {"timestamp":"2022-09-14T04:51:12.114Z"}
info: Server started at http://localhost:3000/api/v1/ {"timestamp":"2022-09-14T10:10:22.934Z"}
info: Connected to the database. {"timestamp":"2022-09-14T10:10:27.546Z"}
info: Server started at http://localhost:3000/api/v1/ {"timestamp":"2022-09-14T10:13:12.290Z"}
info: Connected to the database. {"timestamp":"2022-09-14T10:13:15.910Z"}
info: Server started at http://localhost:3000/api/v1/ {"timestamp":"2022-09-14T10:13:32.982Z"}
info: Connected to the database. {"timestamp":"2022-09-14T10:13:40.110Z"}
info: Server started at http://localhost:3000/api/v1/ {"timestamp":"2022-09-14T10:24:56.599Z"}
info: Connected to the database. {"timestamp":"2022-09-14T10:25:00.118Z"}
info: Server started at http://localhost:3000/api/v1/ {"timestamp":"2022-09-14T10:52:13.094Z"}
info: Connected to the database. {"timestamp":"2022-09-14T10:52:16.393Z"}
info: Server started at http://localhost:3000/api/v1/ {"timestamp":"2022-09-14T10:54:26.917Z"}
info: Connected to the database. {"timestamp":"2022-09-14T10:54:30.468Z"}
info: Server started at http://localhost:3000/api/v1/ {"timestamp":"2022-09-14T11:00:43.587Z"}
info: Connected to the database. {"timestamp":"2022-09-14T11:00:46.854Z"}
info: Server started at http://localhost:3000/api/v1/ {"timestamp":"2022-09-14T11:06:38.563Z"}
info: Connected to the database. {"timestamp":"2022-09-14T11:06:41.962Z"}
info: Server started at http://localhost:3000/api/v1/ {"timestamp":"2022-09-14T11:17:22.920Z"}
info: Connected to the database. {"timestamp":"2022-09-14T11:17:28.278Z"}
info: Server started at http://localhost:3000/api/v1/ {"timestamp":"2022-09-14T11:19:25.785Z"}
info: Connected to the database. {"timestamp":"2022-09-14T11:19:29.241Z"}
info: Server started at http://localhost:3000/api/v1/ {"timestamp":"2022-09-14T11:23:54.096Z"}
info: Connected to the database. {"timestamp":"2022-09-14T11:23:57.236Z"}
info: Server started at http://localhost:3000/api/v1/ {"timestamp":"2022-09-14T11:25:26.794Z"}
info: Connected to the database. {"timestamp":"2022-09-14T11:25:31.917Z"}
info: Server started at http://localhost:3000/api/v1/ {"timestamp":"2022-09-14T11:26:57.452Z"}
info: Connected to the database. {"timestamp":"2022-09-14T11:27:00.830Z"}
info: Server started at http://localhost:3000/api/v1/ {"timestamp":"2022-09-14T11:29:44.497Z"}
info: Connected to the database. {"timestamp":"2022-09-14T11:29:48.924Z"}
info: Server started at http://localhost:3000/api/v1/ {"timestamp":"2022-09-14T11:33:15.321Z"}
error: Could not connect to the database. querySrv ECONNREFUSED _mongodb._tcp.demo.aoloa.mongodb.net {"code":"ECONNREFUSED","hostname":"_mongodb._tcp.demo.aoloa.mongodb.net","stack":"Error: querySrv ECONNREFUSED _mongodb._tcp.demo.aoloa.mongodb.net\n    at QueryReqWrap.onresolve [as oncomplete] (node:dns:276:19)","syscall":"querySrv","timestamp":"2022-09-14T11:33:15.336Z"}
info: Server started at http://localhost:3000/api/v1/ {"timestamp":"2022-09-14T11:34:04.634Z"}
info: Connected to the database. {"timestamp":"2022-09-14T11:34:07.310Z"}
info: Server started at http://localhost:3000/api/v1/ {"timestamp":"2022-09-14T11:37:10.011Z"}
info: Connected to the database. {"timestamp":"2022-09-14T11:37:13.968Z"}
info: Server started at http://localhost:3000/api/v1/ {"timestamp":"2022-09-14T11:39:12.460Z"}
info: Connected to the database. {"timestamp":"2022-09-14T11:39:15.492Z"}
info: Server started at http://localhost:3000/api/v1/ {"timestamp":"2022-09-14T11:39:57.799Z"}
info: Connected to the database. {"timestamp":"2022-09-14T11:40:05.439Z"}
info: Server started at http://localhost:3000/api/v1/ {"timestamp":"2022-09-14T11:41:11.807Z"}
info: Connected to the database. {"timestamp":"2022-09-14T11:41:14.702Z"}
info: Server started at http://localhost:3000/api/v1/ {"timestamp":"2022-09-14T11:42:50.162Z"}
info: Server started at http://localhost:3000/api/v1/ {"timestamp":"2022-09-14T11:42:59.912Z"}
info: Connected to the database. {"timestamp":"2022-09-14T11:43:02.716Z"}
info: Server started at http://localhost:3000/api/v1/ {"timestamp":"2022-09-14T11:44:59.672Z"}
info: Connected to the database. {"timestamp":"2022-09-14T11:45:02.700Z"}
info: Server started at http://localhost:3000/api/v1/ {"timestamp":"2022-09-14T11:51:00.255Z"}
info: Connected to the database. {"timestamp":"2022-09-14T11:51:03.060Z"}
info: Server started at http://localhost:3000/api/v1/ {"timestamp":"2022-09-14T11:58:49.637Z"}
info: Connected to the database. {"timestamp":"2022-09-14T11:58:52.265Z"}
info: Server started at http://localhost:3000/api/v1/ {"timestamp":"2022-09-14T12:00:13.219Z"}
info: Connected to the database. {"timestamp":"2022-09-14T12:00:15.896Z"}
info: Server started at http://localhost:3000/api/v1/ {"timestamp":"2022-09-14T12:00:49.958Z"}
info: Connected to the database. {"timestamp":"2022-09-14T12:00:52.608Z"}
info: Server started at http://localhost:3000/api/v1/ {"timestamp":"2022-09-14T12:02:36.990Z"}
info: Connected to the database. {"timestamp":"2022-09-14T12:02:42.682Z"}
info: Server started at http://localhost:3000/api/v1/ {"timestamp":"2022-09-14T12:07:53.628Z"}
info: Connected to the database. {"timestamp":"2022-09-14T12:07:56.645Z"}
info: Server started at http://localhost:3000/api/v1/ {"timestamp":"2022-09-14T12:08:34.189Z"}
info: Connected to the database. {"timestamp":"2022-09-14T12:08:36.906Z"}
info: Server started at http://localhost:3000/api/v1/ {"timestamp":"2022-09-14T12:09:57.827Z"}
info: Connected to the database. {"timestamp":"2022-09-14T12:10:02.496Z"}
info: Server started at http://localhost:3000/api/v1/ {"timestamp":"2022-09-14T12:12:53.791Z"}
info: Connected to the database. {"timestamp":"2022-09-14T12:12:57.090Z"}
info: Server started at http://localhost:3000/api/v1/ {"timestamp":"2022-09-14T12:16:43.438Z"}
info: Connected to the database. {"timestamp":"2022-09-14T12:16:46.876Z"}
info: Server started at http://localhost:3000/api/v1/ {"timestamp":"2022-09-14T12:26:27.468Z"}
info: Connected to the database. {"timestamp":"2022-09-14T12:26:30.457Z"}
info: Server started at http://localhost:3000/api/v1/ {"timestamp":"2022-09-14T12:26:56.142Z"}
info: Connected to the database. {"timestamp":"2022-09-14T12:26:59.168Z"}
info: Server started at http://localhost:3000/api/v1/ {"timestamp":"2022-09-14T12:27:34.736Z"}
info: Connected to the database. {"timestamp":"2022-09-14T12:27:37.753Z"}
info: Server started at http://localhost:3000/api/v1/ {"timestamp":"2022-09-14T14:11:12.302Z"}
info: Connected to the database. {"timestamp":"2022-09-14T14:11:15.549Z"}
info: Server started at http://localhost:3000/api/v1/ {"timestamp":"2022-09-14T14:19:22.622Z"}
info: Connected to the database. {"timestamp":"2022-09-14T14:19:25.577Z"}
info: Server started at http://localhost:3000/api/v1/ {"timestamp":"2022-09-14T14:20:37.509Z"}
info: Connected to the database. {"timestamp":"2022-09-14T14:20:42.918Z"}
info: Server started at http://localhost:3000/api/v1/ {"timestamp":"2022-09-14T14:20:51.633Z"}
info: Connected to the database. {"timestamp":"2022-09-14T14:20:54.994Z"}
info: Server started at http://localhost:3000/api/v1/ {"timestamp":"2022-09-14T14:21:58.376Z"}
info: Connected to the database. {"timestamp":"2022-09-14T14:22:01.363Z"}
info: Server started at http://localhost:3000/api/v1/ {"timestamp":"2022-09-14T17:55:26.332Z"}
error: Could not connect to the database. querySrv ECONNREFUSED _mongodb._tcp.demo.aoloa.mongodb.net {"code":"ECONNREFUSED","hostname":"_mongodb._tcp.demo.aoloa.mongodb.net","stack":"Error: querySrv ECONNREFUSED _mongodb._tcp.demo.aoloa.mongodb.net\n    at QueryReqWrap.onresolve [as oncomplete] (node:dns:276:19)","syscall":"querySrv","timestamp":"2022-09-14T17:55:26.347Z"}
info: Server started at http://localhost:3000/api/v1/ {"timestamp":"2022-09-14T18:01:15.084Z"}
info: Connected to the database. {"timestamp":"2022-09-14T18:01:17.979Z"}
info: Server started at http://localhost:3000/api/v1/ {"timestamp":"2022-09-14T18:01:42.843Z"}
info: Connected to the database. {"timestamp":"2022-09-14T18:01:45.689Z"}
info: Server started at http://localhost:3000/api/v1/ {"timestamp":"2022-09-14T18:02:51.512Z"}
info: Connected to the database. {"timestamp":"2022-09-14T18:02:54.411Z"}
info: Server started at http://localhost:3000/api/v1/ {"timestamp":"2022-09-14T18:03:10.052Z"}
info: Connected to the database. {"timestamp":"2022-09-14T18:03:12.898Z"}
error: 
    status - 500 
    message - SyntaxError: Unexpected token } in JSON at position 52
    at JSON.parse (<anonymous>)
    at parse (C:\Users\hp\Fundoo-Notes\fundoo\node_modules\body-parser\lib\types\json.js:89:19)
    at C:\Users\hp\Fundoo-Notes\fundoo\node_modules\body-parser\lib\read.js:128:18
    at AsyncResource.runInAsyncScope (node:async_hooks:203:9)
    at invokeCallback (C:\Users\hp\Fundoo-Notes\fundoo\node_modules\raw-body\index.js:231:16)
    at done (C:\Users\hp\Fundoo-Notes\fundoo\node_modules\raw-body\index.js:220:7)
    at IncomingMessage.onEnd (C:\Users\hp\Fundoo-Notes\fundoo\node_modules\raw-body\index.js:280:7)
    at IncomingMessage.emit (node:events:537:28)
    at IncomingMessage.emit (node:domain:482:12)
    at endReadableNT (node:internal/streams/readable:1359:12)
    at processTicksAndRejections (node:internal/process/task_queues:82:21) 
    url - /api/v1/users/forgetPwd 
    method - POST 
    IP - ::1
   {"timestamp":"2022-09-14T18:04:47.510Z"}
info: Server started at http://localhost:3000/api/v1/ {"timestamp":"2022-09-14T18:09:07.671Z"}
info: Connected to the database. {"timestamp":"2022-09-14T18:09:10.568Z"}
info: Server started at http://localhost:3000/api/v1/ {"timestamp":"2022-09-14T18:24:20.895Z"}
info: Connected to the database. {"timestamp":"2022-09-14T18:24:26.644Z"}
info: Server started at http://localhost:3000/api/v1/ {"timestamp":"2022-09-14T18:27:28.561Z"}
info: Connected to the database. {"timestamp":"2022-09-14T18:27:31.994Z"}
info: Server started at http://localhost:3000/api/v1/ {"timestamp":"2022-09-14T18:27:37.012Z"}
info: Connected to the database. {"timestamp":"2022-09-14T18:27:40.809Z"}
info: Server started at http://localhost:3000/api/v1/ {"timestamp":"2022-09-15T02:29:13.357Z"}
info: Connected to the database. {"timestamp":"2022-09-15T02:29:16.865Z"}
