info: ::1 - - [08/Sep/2022:01:59:05 +0000] "PUT /api/v1/note/6318774a5d8cfe24c4c7cd0d/archive HTTP/1.1" 202 283 "-" "PostmanRuntime/7.29.2"

info: ::1 - - [08/Sep/2022:01:59:11 +0000] "PUT /api/v1/note/6318774a5d8cfe24c4c7cd0d/ HTTP/1.1" 202 282 "-" "PostmanRuntime/7.29.2"

info: ::1 - - [08/Sep/2022:01:59:26 +0000] "PUT /api/v1/note/6318774a5d8cfe24c4c7cd0d/archive HTTP/1.1" 202 283 "-" "PostmanRuntime/7.29.2"

info: ::1 - - [08/Sep/2022:02:36:49 +0000] "PUT /api/v1/note/6318774a5d8cfe24c4c7cd0d/archive HTTP/1.1" 500 169 "-" "PostmanRuntime/7.29.2"

info: ::1 - - [08/Sep/2022:02:37:16 +0000] "PUT /api/v1/note/6318774a5d8cfe24c4c7cd0d/archive HTTP/1.1" 202 283 "-" "PostmanRuntime/7.29.2"

info: ::1 - - [08/Sep/2022:02:38:52 +0000] "PUT /api/v1/note/6318774a5d8cfe24c4c7cd0d/archive HTTP/1.1" 202 283 "-" "PostmanRuntime/7.29.2"

info: ::1 - - [08/Sep/2022:02:42:05 +0000] "PUT /api/v1/note/6318774a5d8cfe24c4c7cd0d/archive HTTP/1.1" 202 283 "-" "PostmanRuntime/7.29.2"

info: ::1 - - [08/Sep/2022:02:42:31 +0000] "PUT /api/v1/note/6318774a5d8cfe24c4c7cd0d/archive HTTP/1.1" 202 283 "-" "PostmanRuntime/7.29.2"

info: ::1 - - [08/Sep/2022:02:43:33 +0000] "GET /api/v1/note/6318774a5d8cfe24c4c7cd0d/archive HTTP/1.1" 404 47 "-" "PostmanRuntime/7.29.2"

info: ::1 - - [08/Sep/2022:02:44:23 +0000] "GET /api/v1/note/6318774a5d8cfe24c4c7cd0d/ HTTP/1.1" 200 289 "-" "PostmanRuntime/7.29.2"

info: ::1 - - [08/Sep/2022:08:48:05 +0000] "POST /api/v1/note HTTP/1.1" 500 105 "-" "PostmanRuntime/7.29.2"

info: ::1 - - [08/Sep/2022:08:48:25 +0000] "POST /api/v1/note HTTP/1.1" 500 105 "-" "PostmanRuntime/7.29.2"

info: ::1 - - [08/Sep/2022:08:48:49 +0000] "POST /api/v1/note HTTP/1.1" 201 246 "-" "PostmanRuntime/7.29.2"

info: ::1 - - [08/Sep/2022:08:49:02 +0000] "GET /api/v1/note/6319ac71f276ce3c84ccf22e HTTP/1.1" 200 253 "-" "PostmanRuntime/7.29.2"

info: ::1 - - [08/Sep/2022:08:50:15 +0000] "DELETE /api/v1/note/6319ac71f276ce3c84ccf22e HTTP/1.1" 500 89 "-" "PostmanRuntime/7.29.2"

info: ::1 - - [08/Sep/2022:08:50:40 +0000] "DELETE /api/v1/note/6319ac71f276ce3c84ccf22e HTTP/1.1" 200 62 "-" "PostmanRuntime/7.29.2"

info: ::1 - - [08/Sep/2022:08:51:00 +0000] "PUT /api/v1/note/6319ac71f276ce3c84ccf22e/archive HTTP/1.1" 202 63 "-" "PostmanRuntime/7.29.2"

info: ::1 - - [08/Sep/2022:08:51:44 +0000] "PUT /api/v1/note/6318774a5d8cfe24c4c7cd0d/archive HTTP/1.1" 202 283 "-" "PostmanRuntime/7.29.2"

info: ::1 - - [08/Sep/2022:09:09:22 +0000] "PUT /api/v1/note/6318774a5d8cfe24c4c7cd0d/archive HTTP/1.1" 202 283 "-" "PostmanRuntime/7.29.2"

info: ::1 - - [08/Sep/2022:09:33:09 +0000] "PUT /api/v1/note/6318774a5d8cfe24c4c7cd0d/archive HTTP/1.1" 202 283 "-" "PostmanRuntime/7.29.2"

info: ::1 - - [08/Sep/2022:09:33:17 +0000] "PUT /api/v1/note/6318774a5d8cfe24c4c7cd0d/trash HTTP/1.1" 202 280 "-" "PostmanRuntime/7.29.2"

info: ::1 - - [08/Sep/2022:09:33:58 +0000] "PUT /api/v1/note/6318774a5d8cfe24c4c7cd0d/trash HTTP/1.1" 202 280 "-" "PostmanRuntime/7.29.2"

info: ::1 - - [08/Sep/2022:09:34:01 +0000] "PUT /api/v1/note/6318774a5d8cfe24c4c7cd0d/trash HTTP/1.1" 202 280 "-" "PostmanRuntime/7.29.2"

info: ::1 - - [08/Sep/2022:09:34:03 +0000] "PUT /api/v1/note/6318774a5d8cfe24c4c7cd0d/trash HTTP/1.1" 202 280 "-" "PostmanRuntime/7.29.2"

info: ::1 - - [08/Sep/2022:09:34:05 +0000] "PUT /api/v1/note/6318774a5d8cfe24c4c7cd0d/trash HTTP/1.1" 202 280 "-" "PostmanRuntime/7.29.2"

info: ::1 - - [08/Sep/2022:09:34:57 +0000] "PUT /api/v1/note/6318774a5d8cfe24c4c7cd0d/archive HTTP/1.1" 500 117 "-" "PostmanRuntime/7.29.2"

info: ::1 - - [08/Sep/2022:09:35:22 +0000] "PUT /api/v1/note/6318774a5d8cfe24c4c7cd0d/archive HTTP/1.1" 202 284 "-" "PostmanRuntime/7.29.2"

info: ::1 - - [08/Sep/2022:09:35:41 +0000] "PUT /api/v1/note/6318774a5d8cfe24c4c7cd0d/archive HTTP/1.1" 202 284 "-" "PostmanRuntime/7.29.2"

info: ::1 - - [08/Sep/2022:09:35:50 +0000] "PUT /api/v1/note/6318774a5d8cfe24c4c7cd0d/trash HTTP/1.1" 202 279 "-" "PostmanRuntime/7.29.2"

info: ::1 - - [08/Sep/2022:14:58:01 +0000] "PUT /api/v1/note/6318774a5d8cfe24c4c7cd0d/trash HTTP/1.1" 202 279 "-" "PostmanRuntime/7.29.2"

