info: ::1 - - [13/Sep/2022:04:18:08 +0000] "POST /api/v1/users/forgetPwd HTTP/1.1" 200 61 "-" "PostmanRuntime/7.29.2"

info: ::1 - - [13/Sep/2022:05:39:29 +0000] "POST /api/v1/users/resetPwd HTTP/1.1" 404 47 "-" "PostmanRuntime/7.29.2"

info: ::1 - - [13/Sep/2022:05:41:28 +0000] "POST /api/v1/users/resetPwd/token HTTP/1.1" 401 57 "-" "PostmanRuntime/7.29.2"

info: ::1 - - [13/Sep/2022:05:41:35 +0000] "PUT /api/v1/users/resetPwd HTTP/1.1" 404 47 "-" "PostmanRuntime/7.29.2"

info: ::1 - - [13/Sep/2022:05:41:42 +0000] "PUT /api/v1/users/resetPwd/ HTTP/1.1" 404 47 "-" "PostmanRuntime/7.29.2"

info: ::1 - - [13/Sep/2022:06:47:06 +0000] "PUT /api/v1/users/forgetPwd HTTP/1.1" 404 47 "-" "PostmanRuntime/7.29.2"

info: ::1 - - [13/Sep/2022:06:47:15 +0000] "POST /api/v1/users/forgetPwd HTTP/1.1" 200 61 "-" "PostmanRuntime/7.29.2"

info: ::1 - - [13/Sep/2022:06:48:24 +0000] "PUT /api/v1/users/restetPwd/eyJhbGciOiJIUzI1NiIsInR5cCI6IkpXVCJ9.eyJGaXJzdE5hbWUiOiJsYXhtaSIsIkxhc3ROYW1lIjoiIHBhcmFqIiwiRW1haWxJZCI6InBhcmFqQGdtYWlsLmNvbSIsImlkIjoiNjMxODBhM2RlNGM4ZjcxMmJjZTMyNzg1IiwiaWF0IjoxNjYyNTQ5MjYzfQ.q9GmRnv9-dk8KkUo-Uyv07Mg4qHOqUgVROySzzc7sK0 HTTP/1.1" 404 47 "-" "PostmanRuntime/7.29.2"

info: ::1 - - [13/Sep/2022:06:48:36 +0000] "PUT /api/v1/users/resetPwd/eyJhbGciOiJIUzI1NiIsInR5cCI6IkpXVCJ9.eyJGaXJzdE5hbWUiOiJsYXhtaSIsIkxhc3ROYW1lIjoiIHBhcmFqIiwiRW1haWxJZCI6InBhcmFqQGdtYWlsLmNvbSIsImlkIjoiNjMxODBhM2RlNGM4ZjcxMmJjZTMyNzg1IiwiaWF0IjoxNjYyNTQ5MjYzfQ.q9GmRnv9-dk8KkUo-Uyv07Mg4qHOqUgVROySzzc7sK0 HTTP/1.1" 404 47 "-" "PostmanRuntime/7.29.2"

info: ::1 - - [13/Sep/2022:06:48:57 +0000] "PUT /api/v1/users/resetPwd/eyJhbGciOiJIUzI1NiIsInR5cCI6IkpXVCJ9.eyJGaXJzdE5hbWUiOiJsYXhtaSIsIkxhc3ROYW1lIjoiIHBhcmFqIiwiRW1haWxJZCI6InBhcmFqQGdtYWlsLmNvbSIsImlkIjoiNjMxODBhM2RlNGM4ZjcxMmJjZTMyNzg1IiwiaWF0IjoxNjYyNTQ5MjYzfQ.q9GmRnv9-dk8KkUo-Uyv07Mg4qHOqUgVROySzzc7sK0 HTTP/1.1" 404 47 "-" "PostmanRuntime/7.29.2"

info: ::1 - - [13/Sep/2022:06:49:00 +0000] "PUT /api/v1/users/resetPwd/eyJhbGciOiJIUzI1NiIsInR5cCI6IkpXVCJ9.eyJGaXJzdE5hbWUiOiJsYXhtaSIsIkxhc3ROYW1lIjoiIHBhcmFqIiwiRW1haWxJZCI6InBhcmFqQGdtYWlsLmNvbSIsImlkIjoiNjMxODBhM2RlNGM4ZjcxMmJjZTMyNzg1IiwiaWF0IjoxNjYyNTQ5MjYzfQ.q9GmRnv9-dk8KkUo-Uyv07Mg4qHOqUgVROySzzc7sK0 HTTP/1.1" 404 47 "-" "PostmanRuntime/7.29.2"

info: ::1 - - [13/Sep/2022:06:51:31 +0000] "POST /api/v1/users/ HTTP/1.1" 201 324 "-" "PostmanRuntime/7.29.2"

info: ::1 - - [13/Sep/2022:06:51:54 +0000] "POST /api/v1/users/login/63202873bbd1ff33ac875cc4 HTTP/1.1" 404 47 "-" "PostmanRuntime/7.29.2"

info: ::1 - - [13/Sep/2022:06:52:24 +0000] "POST /api/v1/users/login/ HTTP/1.1" 202 306 "-" "PostmanRuntime/7.29.2"

info: ::1 - - [13/Sep/2022:06:53:33 +0000] "PUT /api/v1/users/resetPwd/eyJhbGciOiJIUzI1NiIsInR5cCI6IkpXVCJ9.eyJGaXJzdE5hbWUiOiJhc2hpc2giLCJMYXN0TmFtZSI6ImdhamJoaXllIiwiRW1haWxJZCI6ImFzaGlzaEBnbWFpbC5jb20iLCJpZCI6IjYzMjAyODczYmJkMWZmMzNhYzg3NWNjNCIsImlhdCI6MTY2MzA1MTk0NH0.lGRVgQt3OvUghLHvV5-xjXLOwkFfJXWE_fI6nGIElRc HTTP/1.1" 404 47 "-" "PostmanRuntime/7.29.2"

info: ::1 - - [13/Sep/2022:06:55:57 +0000] "POST /api/v1/users/login/ HTTP/1.1" 202 306 "-" "PostmanRuntime/7.29.2"

info: ::1 - - [13/Sep/2022:06:57:22 +0000] "PUT /api/v1/users/reset/eyJhbGciOiJIUzI1NiIsInR5cCI6IkpXVCJ9.eyJGaXJzdE5hbWUiOiJhc2hpc2giLCJMYXN0TmFtZSI6ImdhamJoaXllIiwiRW1haWxJZCI6ImFzaGlzaEBnbWFpbC5jb20iLCJpZCI6IjYzMjAyODczYmJkMWZmMzNhYzg3NWNjNCIsImlhdCI6MTY2MzA1MjE1N30.r1Kr8L9RlkqO-yPaEQNGg2j5yBJz8N_SuBEaPx2Rkug HTTP/1.1" 404 47 "-" "PostmanRuntime/7.29.2"

info: ::1 - - [13/Sep/2022:06:57:46 +0000] "PUT /api/v1/users/resetPwd/eyJhbGciOiJIUzI1NiIsInR5cCI6IkpXVCJ9.eyJGaXJzdE5hbWUiOiJhc2hpc2giLCJMYXN0TmFtZSI6ImdhamJoaXllIiwiRW1haWxJZCI6ImFzaGlzaEBnbWFpbC5jb20iLCJpZCI6IjYzMjAyODczYmJkMWZmMzNhYzg3NWNjNCIsImlhdCI6MTY2MzA1MjE1N30.r1Kr8L9RlkqO-yPaEQNGg2j5yBJz8N_SuBEaPx2Rkug HTTP/1.1" 401 57 "-" "PostmanRuntime/7.29.2"

info: ::1 - - [13/Sep/2022:06:58:49 +0000] "PUT /api/v1/users/resetPwd/eyJhbGciOiJIUzI1NiIsInR5cCI6IkpXVCJ9.eyJGaXJzdE5hbWUiOiJhc2hpc2giLCJMYXN0TmFtZSI6ImdhamJoaXllIiwiRW1haWxJZCI6ImFzaGlzaEBnbWFpbC5jb20iLCJpZCI6IjYzMjAyODczYmJkMWZmMzNhYzg3NWNjNCIsImlhdCI6MTY2MzA1MjE1N30.r1Kr8L9RlkqO-yPaEQNGg2j5yBJz8N_SuBEaPx2Rkug HTTP/1.1" 200 51 "-" "PostmanRuntime/7.29.2"

info: ::1 - - [13/Sep/2022:06:59:20 +0000] "PUT /api/v1/users/resetPwd/eyJhbGciOiJIUzI1NiIsInR5cCI6IkpXVCJ9.eyJGaXJzdE5hbWUiOiJhc2hpc2giLCJMYXN0TmFtZSI6ImdhamJoaXllIiwiRW1haWxJZCI6ImFzaGlzaEBnbWFpbC5jb20iLCJpZCI6IjYzMjAyODczYmJkMWZmMzNhYzg3NWNjNCIsImlhdCI6MTY2MzA1MjE1N30.r1Kr8L9RlkqO-yPaEQNGg2j5yBJz8N_SuBEaPx2Rkug HTTP/1.1" 200 63 "-" "PostmanRuntime/7.29.2"

info: ::1 - - [13/Sep/2022:07:00:08 +0000] "POST /api/v1/users/login/ HTTP/1.1" 400 48 "-" "PostmanRuntime/7.29.2"

info: ::1 - - [13/Sep/2022:07:01:35 +0000] "POST /api/v1/users/login/ HTTP/1.1" 400 48 "-" "PostmanRuntime/7.29.2"

info: ::1 - - [13/Sep/2022:07:01:56 +0000] "POST /api/v1/users/login/ HTTP/1.1" 400 48 "-" "PostmanRuntime/7.29.2"

info: ::1 - - [13/Sep/2022:07:04:06 +0000] "POST /api/v1/users/ HTTP/1.1" 201 325 "-" "PostmanRuntime/7.29.2"

info: ::1 - - [13/Sep/2022:07:04:19 +0000] "POST /api/v1/users/login HTTP/1.1" 202 307 "-" "PostmanRuntime/7.29.2"

info: ::1 - - [13/Sep/2022:07:05:39 +0000] "PUT /api/v1/users/resetPwd/eyJhbGciOiJIUzI1NiIsInR5cCI6IkpXVCJ9.eyJGaXJzdE5hbWUiOiIgcHJhbmphbGkiLCJMYXN0TmFtZSI6InNhaGFyZSIsIkVtYWlsSWQiOiJzYWhhcmVAZ21haWwuY29tIiwiaWQiOiI2MzIwMmI2NjQxOTMwZjIxNDg0YTVmYjAiLCJpYXQiOjE2NjMwNTI2NTl9.n_JGU2oOttkHwdtVfe7L0bCKVstXpu3ANnrOwYd5_dI HTTP/1.1" 200 51 "-" "PostmanRuntime/7.29.2"

info: ::1 - - [13/Sep/2022:07:08:02 +0000] "POST /api/v1/users/login HTTP/1.1" 202 307 "-" "PostmanRuntime/7.29.2"

info: ::1 - - [13/Sep/2022:07:19:15 +0000] "POST /api/v1/users/login HTTP/1.1" 400 48 "-" "PostmanRuntime/7.29.2"

info: ::1 - - [13/Sep/2022:07:19:23 +0000] "POST /api/v1/users/login HTTP/1.1" 202 307 "-" "PostmanRuntime/7.29.2"

