info: ::1 - - [07/Sep/2022:08:51:04 +0000] "GET /api/v1/note HTTP/1.1" 200 453 "-" "PostmanRuntime/7.29.2"

info: ::1 - - [07/Sep/2022:09:00:14 +0000] "POST /api/v1/users/login HTTP/1.1" 202 303 "-" "PostmanRuntime/7.29.2"

info: ::1 - - [07/Sep/2022:09:01:09 +0000] "POST /api/v1/users/login HTTP/1.1" 400 47 "-" "PostmanRuntime/7.29.2"

info: ::1 - - [07/Sep/2022:09:01:19 +0000] "POST /api/v1/note HTTP/1.1" 201 248 "-" "PostmanRuntime/7.29.2"

info: ::1 - - [07/Sep/2022:09:03:05 +0000] "GET /api/v1/note HTTP/1.1" 500 61 "-" "PostmanRuntime/7.29.2"

info: ::1 - - [07/Sep/2022:09:04:48 +0000] "GET /api/v1/note HTTP/1.1" 200 446 "-" "PostmanRuntime/7.29.2"

info: ::1 - - [07/Sep/2022:09:05:15 +0000] "GET /api/v1/note HTTP/1.1" 400 56 "-" "Mozilla/5.0 (Windows NT 10.0; Win64; x64) AppleWebKit/537.36 (KHTML, like Gecko) Chrome/104.0.0.0 Safari/537.36"

info: ::1 - - [07/Sep/2022:09:05:15 +0000] "GET /favicon.ico HTTP/1.1" 404 47 "-" "Mozilla/5.0 (Windows NT 10.0; Win64; x64) AppleWebKit/537.36 (KHTML, like Gecko) Chrome/104.0.0.0 Safari/537.36"

info: ::1 - - [07/Sep/2022:09:40:24 +0000] "GET /api/v1/note/63175325f5f8342648a949ea/archived HTTP/1.1" 404 47 "-" "PostmanRuntime/7.29.2"

info: ::1 - - [07/Sep/2022:09:40:32 +0000] "GET /api/v1/note/ HTTP/1.1" 200 446 "-" "PostmanRuntime/7.29.2"

info: ::1 - - [07/Sep/2022:09:40:51 +0000] "PUT /api/v1/note/63180dffd7e9501344f439c9/archive HTTP/1.1" 404 47 "-" "PostmanRuntime/7.29.2"

info: ::1 - - [07/Sep/2022:09:41:40 +0000] "PUT /api/v1/note/63180dffd7e9501344f439c9/archive HTTP/1.1" 202 267 "-" "PostmanRuntime/7.29.2"

info: ::1 - - [07/Sep/2022:09:44:46 +0000] "PUT /api/v1/note/63180dffd7e9501344f439c9/trash HTTP/1.1" 202 280 "-" "PostmanRuntime/7.29.2"

info: ::1 - - [07/Sep/2022:10:45:25 +0000] "PUT /api/v1/note/63180dffd7e9501344f439c9/vijaya@gmail.com/ HTTP/1.1" 404 47 "-" "PostmanRuntime/7.29.2"

info: ::1 - - [07/Sep/2022:10:45:36 +0000] "PUT /api/v1/note/63180dffd7e9501344f439c9/ HTTP/1.1" 202 283 "-" "PostmanRuntime/7.29.2"

info: ::1 - - [07/Sep/2022:10:45:53 +0000] "GET /api/v1/note HTTP/1.1" 200 481 "-" "PostmanRuntime/7.29.2"

info: ::1 - - [07/Sep/2022:10:45:59 +0000] "GET /api/v1/note HTTP/1.1" 400 56 "-" "PostmanRuntime/7.29.2"

info: ::1 - - [07/Sep/2022:10:46:29 +0000] "GET /api/v1/users/login HTTP/1.1" 404 47 "-" "PostmanRuntime/7.29.2"

info: ::1 - - [07/Sep/2022:10:46:39 +0000] "POST /api/v1/users/login HTTP/1.1" 202 301 "-" "PostmanRuntime/7.29.2"

info: ::1 - - [07/Sep/2022:10:47:08 +0000] "GET /api/v1/note HTTP/1.1" 200 262 "-" "PostmanRuntime/7.29.2"

info: ::1 - - [07/Sep/2022:10:47:38 +0000] "DELETE /api/v1/note/631810955617712ec806efbe HTTP/1.1" 200 62 "-" "PostmanRuntime/7.29.2"

info: ::1 - - [07/Sep/2022:10:47:48 +0000] "GET /api/v1/note/ HTTP/1.1" 200 65 "-" "PostmanRuntime/7.29.2"

info: ::1 - - [07/Sep/2022:10:47:57 +0000] "GET /api/v1/note/631810955617712ec806efbe HTTP/1.1" 200 69 "-" "PostmanRuntime/7.29.2"

info: ::1 - - [07/Sep/2022:10:49:47 +0000] "POST /api/v1/note/ HTTP/1.1" 201 241 "-" "PostmanRuntime/7.29.2"

info: ::1 - - [07/Sep/2022:10:49:54 +0000] "GET /api/v1/note/ HTTP/1.1" 200 248 "-" "PostmanRuntime/7.29.2"

info: ::1 - - [07/Sep/2022:11:02:39 +0000] "PUT /api/v1/note/6318774a5d8cfe24c4c7cd0d HTTP/1.1" 202 241 "-" "PostmanRuntime/7.29.2"

info: ::1 - - [07/Sep/2022:11:04:44 +0000] "GET /api/v1/note/6318774a5d8cfe24c4c7cd0d/ HTTP/1.1" 500 89 "-" "PostmanRuntime/7.29.2"

info: ::1 - - [07/Sep/2022:11:05:04 +0000] "GET /api/v1/note/6318774a5d8cfe24c4c7cd0d/ HTTP/1.1" 500 89 "-" "PostmanRuntime/7.29.2"

info: ::1 - - [07/Sep/2022:11:08:44 +0000] "GET /api/v1/note/6318774a5d8cfe24c4c7cd0d HTTP/1.1" 500 89 "-" "PostmanRuntime/7.29.2"

info: ::1 - - [07/Sep/2022:11:09:14 +0000] "GET /api/v1/note/ HTTP/1.1" 200 248 "-" "PostmanRuntime/7.29.2"

info: ::1 - - [07/Sep/2022:11:09:30 +0000] "GET /api/v1/note/6318774a5d8cfe24c4c7cd0d HTTP/1.1" 500 89 "-" "PostmanRuntime/7.29.2"

info: ::1 - - [07/Sep/2022:11:09:49 +0000] "GET /api/v1/note/6318774a5d8cfe24c4c7cd0d HTTP/1.1" 400 56 "-" "PostmanRuntime/7.29.2"

info: ::1 - - [07/Sep/2022:11:09:56 +0000] "GET /api/v1/note/6318774a5d8cfe24c4c7cd0d HTTP/1.1" 500 89 "-" "PostmanRuntime/7.29.2"

info: ::1 - - [07/Sep/2022:11:10:59 +0000] "GET /api/v1/note/ HTTP/1.1" 200 248 "-" "PostmanRuntime/7.29.2"

info: ::1 - - [07/Sep/2022:11:11:06 +0000] "GET /api/v1/note/6318774a5d8cfe24c4c7cd0d HTTP/1.1" 500 89 "-" "PostmanRuntime/7.29.2"

info: ::1 - - [07/Sep/2022:11:11:53 +0000] "GET /api/v1/note/6318774a5d8cfe24c4c7cd0d HTTP/1.1" 500 89 "-" "PostmanRuntime/7.29.2"

info: ::1 - - [07/Sep/2022:11:13:12 +0000] "GET /api/v1/note/6318774a5d8cfe24c4c7cd0d HTTP/1.1" 500 89 "-" "PostmanRuntime/7.29.2"

info: ::1 - - [07/Sep/2022:11:14:02 +0000] "GET /api/v1/users/login HTTP/1.1" 404 47 "-" "PostmanRuntime/7.29.2"

info: ::1 - - [07/Sep/2022:11:14:23 +0000] "POST /api/v1/users/login HTTP/1.1" 202 301 "-" "PostmanRuntime/7.29.2"

info: ::1 - - [07/Sep/2022:11:15:01 +0000] "GET /api/v1/note HTTP/1.1" 200 248 "-" "PostmanRuntime/7.29.2"

info: ::1 - - [07/Sep/2022:11:16:42 +0000] "GET /api/v1/note/6318774a5d8cfe24c4c7cd0d HTTP/1.1" 500 89 "-" "PostmanRuntime/7.29.2"

info: ::1 - - [07/Sep/2022:11:17:06 +0000] "GET /api/v1/note/6318774a5d8cfe24c4c7cd0d HTTP/1.1" 500 89 "-" "PostmanRuntime/7.29.2"

info: ::1 - - [07/Sep/2022:11:20:15 +0000] "GET /api/v1/note/6318774a5d8cfe24c4c7cd0d HTTP/1.1" 500 89 "-" "PostmanRuntime/7.29.2"

info: ::1 - - [07/Sep/2022:11:22:21 +0000] "GET /api/v1/note/6318774a5d8cfe24c4c7cd0d HTTP/1.1" 500 89 "-" "PostmanRuntime/7.29.2"

info: ::1 - - [07/Sep/2022:11:40:14 +0000] "GET /api/v1/note/6318774a5d8cfe24c4c7cd0d HTTP/1.1" 500 89 "-" "PostmanRuntime/7.29.2"

info: ::1 - - [07/Sep/2022:11:41:30 +0000] "GET /api/v1/note/6318774a5d8cfe24c4c7cd0d HTTP/1.1" 500 89 "-" "PostmanRuntime/7.29.2"

info: ::1 - - [07/Sep/2022:11:42:16 +0000] "PUT /api/v1/note/6318774a5d8cfe24c4c7cd0d HTTP/1.1" 202 243 "-" "PostmanRuntime/7.29.2"

info: ::1 - - [07/Sep/2022:11:43:15 +0000] "PUT /api/v1/note/6318774a5d8cfe24c4c7cd0d HTTP/1.1" 202 245 "-" "PostmanRuntime/7.29.2"

info: ::1 - - [07/Sep/2022:17:02:27 +0000] "PUT /api/v1/note/6318774a5d8cfe24c4c7cd0d/archive HTTP/1.1" 500 54 "-" "PostmanRuntime/7.29.2"

info: ::1 - - [07/Sep/2022:17:05:24 +0000] "PUT /api/v1/note/6318774a5d8cfe24c4c7cd0d/archive HTTP/1.1" 500 54 "-" "PostmanRuntime/7.29.2"

info: ::1 - - [07/Sep/2022:17:06:42 +0000] "PUT /api/v1/note/6318774a5d8cfe24c4c7cd0d/archive HTTP/1.1" 500 54 "-" "PostmanRuntime/7.29.2"

info: ::1 - - [07/Sep/2022:17:08:07 +0000] "PUT /api/v1/note/6318774a5d8cfe24c4c7cd0d/archive HTTP/1.1" 500 89 "-" "PostmanRuntime/7.29.2"

info: ::1 - - [07/Sep/2022:17:09:15 +0000] "PUT /api/v1/note/6318774a5d8cfe24c4c7cd0d/archive HTTP/1.1" 500 83 "-" "PostmanRuntime/7.29.2"

info: ::1 - - [07/Sep/2022:17:12:46 +0000] "PUT /api/v1/note/6318774a5d8cfe24c4c7cd0d/archive HTTP/1.1" 202 264 "-" "PostmanRuntime/7.29.2"

info: ::1 - - [07/Sep/2022:17:12:59 +0000] "PUT /api/v1/note/6318774a5d8cfe24c4c7cd0d/ HTTP/1.1" 202 263 "-" "PostmanRuntime/7.29.2"

info: ::1 - - [07/Sep/2022:17:13:12 +0000] "PUT /api/v1/note/6318774a5d8cfe24c4c7cd0d/ HTTP/1.1" 202 262 "-" "PostmanRuntime/7.29.2"

info: ::1 - - [07/Sep/2022:17:13:25 +0000] "GET /api/v1/note/6318774a5d8cfe24c4c7cd0d/ HTTP/1.1" 500 89 "-" "PostmanRuntime/7.29.2"

info: ::1 - - [07/Sep/2022:17:13:43 +0000] "PUT /api/v1/note/6318774a5d8cfe24c4c7cd0d/ HTTP/1.1" 202 262 "-" "PostmanRuntime/7.29.2"

info: ::1 - - [07/Sep/2022:17:15:39 +0000] "PUT /api/v1/note/6318774a5d8cfe24c4c7cd0d/trash HTTP/1.1" 202 47 "-" "PostmanRuntime/7.29.2"

info: ::1 - - [07/Sep/2022:17:16:09 +0000] "PUT /api/v1/note/6318774a5d8cfe24c4c7cd0d/trash HTTP/1.1" 202 47 "-" "PostmanRuntime/7.29.2"

info: ::1 - - [07/Sep/2022:17:16:15 +0000] "PUT /api/v1/note/6318774a5d8cfe24c4c7cd0d/archive HTTP/1.1" 202 280 "-" "PostmanRuntime/7.29.2"

info: ::1 - - [07/Sep/2022:17:16:49 +0000] "PUT /api/v1/note/6318774a5d8cfe24c4c7cd0d/trash HTTP/1.1" 202 276 "-" "PostmanRuntime/7.29.2"

info: ::1 - - [07/Sep/2022:17:17:13 +0000] "PUT /api/v1/note/6318774a5d8cfe24c4c7cd0d/trash HTTP/1.1" 202 276 "-" "PostmanRuntime/7.29.2"

info: ::1 - - [07/Sep/2022:17:17:21 +0000] "PUT /api/v1/note/6318774a5d8cfe24c4c7cd0d/ HTTP/1.1" 202 282 "-" "PostmanRuntime/7.29.2"

info: ::1 - - [07/Sep/2022:17:17:28 +0000] "PUT /api/v1/note/6318774a5d8cfe24c4c7cd0d/trash HTTP/1.1" 202 279 "-" "PostmanRuntime/7.29.2"

info: ::1 - - [07/Sep/2022:17:19:20 +0000] "PUT /api/v1/note/6318774a5d8cfe24c4c7cd0d/ HTTP/1.1" 202 282 "-" "PostmanRuntime/7.29.2"

info: ::1 - - [07/Sep/2022:17:19:37 +0000] "GET /api/v1/note/6318774a5d8cfe24c4c7cd0d HTTP/1.1" 200 289 "-" "PostmanRuntime/7.29.2"

info: ::1 - - [07/Sep/2022:17:19:49 +0000] "GET /api/v1/note/ HTTP/1.1" 200 289 "-" "PostmanRuntime/7.29.2"

info: ::1 - - [07/Sep/2022:17:20:02 +0000] "GET /api/v1/note/6318774a5d8cfe24c4c7cd0d HTTP/1.1" 200 289 "-" "PostmanRuntime/7.29.2"

info: ::1 - - [07/Sep/2022:17:21:44 +0000] "PUT /api/v1/note/6318774a5d8cfe24c4c7cd0d/archive HTTP/1.1" 202 283 "-" "PostmanRuntime/7.29.2"

