info: ::1 - - [04/Sep/2022:19:08:53 +0000] "PUT /api/v1/notes/6314eed9aa2f3e1b8cdce8d5 HTTP/1.1" 404 47 "-" "PostmanRuntime/7.29.2"
info: ::1 - - [04/Sep/2022:18:30:05 +0000] "GET /api/v1/notes/ HTTP/1.1" 200 252 "-" "PostmanRuntime/7.29.2"

info: ::1 - - [04/Sep/2022:19:09:17 +0000] "DELETE /api/v1/notes/ HTTP/1.1" 404 47 "-" "PostmanRuntime/7.29.2"

info: ::1 - - [04/Sep/2022:18:30:56 +0000] "GET /api/v1/notes/ HTTP/1.1" 200 440 "-" "PostmanRuntime/7.29.2"
info: ::1 - - [04/Sep/2022:19:08:53 +0000] "PUT /api/v1/notes/6314eed9aa2f3e1b8cdce8d5 HTTP/1.1" 404 47 "-" "PostmanRuntime/7.29.2"

info: ::1 - - [04/Sep/2022:19:09:17 +0000] "DELETE /api/v1/notes/ HTTP/1.1" 404 47 "-" "PostmanRuntime/7.29.2"

info: ::1 - - [04/Sep/2022:19:09:43 +0000] "GET /api/v1/notes/ HTTP/1.1" 404 47 "-" "PostmanRuntime/7.29.2"

info: ::1 - - [04/Sep/2022:19:10:24 +0000] "POST /api/v1/notes/ HTTP/1.1" 404 47 "-" "PostmanRuntime/7.29.2"

info: ::1 - - [04/Sep/2022:19:10:46 +0000] "POST /api/v1/note HTTP/1.1" 404 47 "-" "PostmanRuntime/7.29.2"

info: ::1 - - [04/Sep/2022:19:10:51 +0000] "POST /api/v1/note/ HTTP/1.1" 404 47 "-" "PostmanRuntime/7.29.2"

info: ::1 - - [04/Sep/2022:19:10:56 +0000] "GET /api/v1/note/ HTTP/1.1" 404 47 "-" "PostmanRuntime/7.29.2"

info: ::1 - - [04/Sep/2022:19:13:01 +0000] "GET /api/v1/notes/ HTTP/1.1" 404 47 "-" "PostmanRuntime/7.29.2"

info: ::1 - - [04/Sep/2022:19:13:22 +0000] "GET /api/v1/notes/ HTTP/1.1" 404 47 "-" "PostmanRuntime/7.29.2"

info: ::1 - - [04/Sep/2022:19:14:05 +0000] "GET /api/v1/notes/add HTTP/1.1" 404 47 "-" "PostmanRuntime/7.29.2"

info: ::1 - - [04/Sep/2022:19:25:46 +0000] "GET /api/v1/note HTTP/1.1" 200 440 "-" "PostmanRuntime/7.29.2"

info: ::1 - - [04/Sep/2022:19:26:10 +0000] "GET /api/v1/note HTTP/1.1" 200 440 "-" "PostmanRuntime/7.29.2"

info: ::1 - - [04/Sep/2022:19:26:16 +0000] "POST /api/v1/note HTTP/1.1" 500 62 "-" "PostmanRuntime/7.29.2"

info: ::1 - - [04/Sep/2022:19:26:27 +0000] "POST /api/v1/note HTTP/1.1" 500 62 "-" "PostmanRuntime/7.29.2"

info: ::1 - - [04/Sep/2022:19:26:41 +0000] "POST /api/v1/note HTTP/1.1" 500 103 "-" "PostmanRuntime/7.29.2"

info: ::1 - - [04/Sep/2022:19:27:03 +0000] "POST /api/v1/note HTTP/1.1" 500 62 "-" "PostmanRuntime/7.29.2"

info: ::1 - - [04/Sep/2022:19:27:48 +0000] "POST /api/v1/note HTTP/1.1" 201 235 "-" "PostmanRuntime/7.29.2"

info: ::1 - - [04/Sep/2022:19:27:54 +0000] "GET /api/v1/note HTTP/1.1" 200 618 "-" "PostmanRuntime/7.29.2"

info: ::1 - - [04/Sep/2022:19:28:21 +0000] "GET /api/v1/note HTTP/1.1" 200 440 "-" "PostmanRuntime/7.29.2"

info: ::1 - - [04/Sep/2022:19:28:45 +0000] "POST /api/v1/note HTTP/1.1" 201 235 "-" "PostmanRuntime/7.29.2"

info: ::1 - - [04/Sep/2022:19:28:50 +0000] "GET /api/v1/note HTTP/1.1" 200 618 "-" "PostmanRuntime/7.29.2"

info: ::1 - - [04/Sep/2022:19:30:18 +0000] "GET /api/v1/note HTTP/1.1" 200 618 "-" "PostmanRuntime/7.29.2"

info: ::1 - - [05/Sep/2022:02:26:53 +0000] "POST /api/v1/note HTTP/1.1" 201 231 "-" "PostmanRuntime/7.29.2"

info: ::1 - - [05/Sep/2022:02:28:47 +0000] "GET /api/v1/note/63155e6df1eda543f457766b HTTP/1.1" 200 238 "-" "PostmanRuntime/7.29.2"

info: ::1 - - [05/Sep/2022:02:30:34 +0000] "GET /api/v1/note/ HTTP/1.1" 200 426 "-" "PostmanRuntime/7.29.2"

info: ::1 - - [05/Sep/2022:02:32:28 +0000] "DELETE /api/v1/note/6314ee8eaa2f3e1b8cdce8d2 HTTP/1.1" 400 56 "-" "PostmanRuntime/7.29.2"

info: ::1 - - [05/Sep/2022:02:32:38 +0000] "GET /api/v1/note/ HTTP/1.1" 200 426 "-" "PostmanRuntime/7.29.2"

info: ::1 - - [05/Sep/2022:02:53:00 +0000] "GET /api/v1/note/ HTTP/1.1" 400 56 "-" "PostmanRuntime/7.29.2"

info: ::1 - - [05/Sep/2022:03:14:32 +0000] "GET /api/v1/note/ HTTP/1.1" 200 426 "-" "PostmanRuntime/7.29.2"

info: ::1 - - [05/Sep/2022:03:54:55 +0000] "GET /api/v1/users/ HTTP/1.1" 404 47 "-" "PostmanRuntime/7.29.2"

info: ::1 - - [05/Sep/2022:03:54:58 +0000] "GET /api/v1/users/login HTTP/1.1" 404 47 "-" "PostmanRuntime/7.29.2"

info: ::1 - - [05/Sep/2022:03:55:16 +0000] "GET /api/v1/users/ HTTP/1.1" 404 47 "-" "PostmanRuntime/7.29.2"

info: ::1 - - [05/Sep/2022:03:55:39 +0000] "POST /api/v1/users/login/ HTTP/1.1" 400 47 "-" "PostmanRuntime/7.29.2"

info: ::1 - - [05/Sep/2022:03:56:08 +0000] "POST /api/v1/users/login HTTP/1.1" 202 298 "-" "PostmanRuntime/7.29.2"

info: ::1 - - [05/Sep/2022:04:00:23 +0000] "POST /api/v1/users/login HTTP/1.1" 202 298 "-" "PostmanRuntime/7.29.2"

info: ::1 - - [05/Sep/2022:04:05:13 +0000] "POST /api/v1/users/login HTTP/1.1" 202 298 "-" "PostmanRuntime/7.29.2"

info: ::1 - - [05/Sep/2022:04:05:26 +0000] "POST /api/v1/users/login HTTP/1.1" 202 298 "-" "PostmanRuntime/7.29.2"

info: ::1 - - [05/Sep/2022:04:05:53 +0000] "GET /api/v1/note/ HTTP/1.1" 200 426 "-" "PostmanRuntime/7.29.2"

info: ::1 - - [05/Sep/2022:04:06:34 +0000] "GET /api/v1/note/ HTTP/1.1" 200 426 "-" "PostmanRuntime/7.29.2"

info: ::1 - - [05/Sep/2022:04:07:15 +0000] "GET /api/v1/note/ HTTP/1.1" 200 426 "-" "PostmanRuntime/7.29.2"

info: ::1 - - [05/Sep/2022:04:07:52 +0000] "GET /api/v1/note/6314ee8eaa2f3e1b8cdce8d2 HTTP/1.1" 500 87 "-" "PostmanRuntime/7.29.2"

info: ::1 - - [05/Sep/2022:04:08:06 +0000] "GET /api/v1/note/ HTTP/1.1" 200 426 "-" "PostmanRuntime/7.29.2"

info: ::1 - - [05/Sep/2022:04:14:37 +0000] "GET /api/v1/note/630996f580faba2a4889a784 HTTP/1.1" 500 87 "-" "PostmanRuntime/7.29.2"

info: ::1 - - [05/Sep/2022:04:14:49 +0000] "GET /api/v1/users/login/630996f580faba2a4889a784 HTTP/1.1" 404 47 "-" "PostmanRuntime/7.29.2"

info: ::1 - - [05/Sep/2022:04:15:39 +0000] "POST /api/v1/users/login HTTP/1.1" 202 299 "-" "PostmanRuntime/7.29.2"

info: ::1 - - [05/Sep/2022:04:18:19 +0000] "POST /api/v1/users/login/630ca2097253ac3e9001e312 HTTP/1.1" 404 47 "-" "PostmanRuntime/7.29.2"

info: ::1 - - [05/Sep/2022:04:18:30 +0000] "POST /api/v1/notes/630ca2097253ac3e9001e312 HTTP/1.1" 404 47 "-" "PostmanRuntime/7.29.2"

info: ::1 - - [05/Sep/2022:04:18:39 +0000] "GET /api/v1/notes/630ca2097253ac3e9001e312 HTTP/1.1" 404 47 "-" "PostmanRuntime/7.29.2"

info: ::1 - - [05/Sep/2022:04:18:50 +0000] "PUT /api/v1/notes/630ca2097253ac3e9001e312 HTTP/1.1" 404 47 "-" "PostmanRuntime/7.29.2"

info: ::1 - - [05/Sep/2022:08:17:50 +0000] "PUT /api/v1/notes/630ca2097253ac3e9001e312 HTTP/1.1" 404 47 "-" "PostmanRuntime/7.29.2"

info: ::1 - - [05/Sep/2022:08:17:56 +0000] "PUT /api/v1/notes/ HTTP/1.1" 404 47 "-" "PostmanRuntime/7.29.2"

info: ::1 - - [05/Sep/2022:09:58:10 +0000] "POST /api/v1/users/login HTTP/1.1" 202 299 "-" "PostmanRuntime/7.29.2"

info: ::1 - - [05/Sep/2022:09:59:42 +0000] "GET /api/v1/notes HTTP/1.1" 404 47 "-" "PostmanRuntime/7.29.2"

info: ::1 - - [05/Sep/2022:09:59:52 +0000] "GET /api/v1/notes HTTP/1.1" 404 47 "-" "PostmanRuntime/7.29.2"

info: ::1 - - [05/Sep/2022:09:59:59 +0000] "GET /api/v1/notes/ HTTP/1.1" 404 47 "-" "PostmanRuntime/7.29.2"

info: ::1 - - [05/Sep/2022:10:01:25 +0000] "POST /api/v1/users/login HTTP/1.1" 202 299 "-" "PostmanRuntime/7.29.2"

info: ::1 - - [05/Sep/2022:10:02:23 +0000] "GET /api/v1/notes/630ca2097253ac3e9001e312 HTTP/1.1" 404 47 "-" "PostmanRuntime/7.29.2"

info: ::1 - - [05/Sep/2022:11:18:55 +0000] "GET /api/v1/notes/ HTTP/1.1" 404 47 "-" "PostmanRuntime/7.29.2"

info: ::1 - - [05/Sep/2022:11:19:23 +0000] "GET /api/v1/notes/ HTTP/1.1" 404 47 "-" "PostmanRuntime/7.29.2"

info: ::1 - - [05/Sep/2022:11:19:47 +0000] "GET /api/v1/notes/ HTTP/1.1" 404 47 "-" "PostmanRuntime/7.29.2"

info: ::1 - - [05/Sep/2022:11:41:09 +0000] "GET /api/v1/notes/ HTTP/1.1" 404 47 "-" "PostmanRuntime/7.29.2"

info: ::1 - - [05/Sep/2022:11:41:20 +0000] "POST /api/v1/notes/ HTTP/1.1" 404 47 "-" "PostmanRuntime/7.29.2"

info: ::1 - - [05/Sep/2022:11:41:35 +0000] "POST /api/v1/notes HTTP/1.1" 404 47 "-" "PostmanRuntime/7.29.2"

info: ::1 - - [05/Sep/2022:11:41:58 +0000] "POST /api/v1/note HTTP/1.1" 500 86 "-" "PostmanRuntime/7.29.2"

info: ::1 - - [05/Sep/2022:11:42:08 +0000] "POST /api/v1/note HTTP/1.1" 500 87 "-" "PostmanRuntime/7.29.2"

info: ::1 - - [05/Sep/2022:11:50:59 +0000] "POST /api/v1/note HTTP/1.1" 201 233 "-" "PostmanRuntime/7.29.2"

info: ::1 - - [05/Sep/2022:11:52:21 +0000] "POST /api/v1/note HTTP/1.1" 201 233 "-" "PostmanRuntime/7.29.2"

info: ::1 - - [05/Sep/2022:11:54:53 +0000] "POST /api/v1/note HTTP/1.1" 201 233 "-" "PostmanRuntime/7.29.2"

info: ::1 - - [05/Sep/2022:11:58:33 +0000] "POST /api/v1/note HTTP/1.1" 201 233 "-" "PostmanRuntime/7.29.2"

info: ::1 - - [05/Sep/2022:12:00:34 +0000] "POST /api/v1/note HTTP/1.1" 201 233 "-" "PostmanRuntime/7.29.2"

info: ::1 - - [05/Sep/2022:12:01:14 +0000] "POST /api/v1/note HTTP/1.1" 201 233 "-" "PostmanRuntime/7.29.2"

info: ::1 - - [05/Sep/2022:15:45:37 +0000] "POST /api/v1/note HTTP/1.1" 201 233 "-" "PostmanRuntime/7.29.2"

info: ::1 - - [05/Sep/2022:15:49:20 +0000] "POST /api/v1/users/login/ HTTP/1.1" 400 47 "-" "PostmanRuntime/7.29.2"

info: ::1 - - [05/Sep/2022:15:50:05 +0000] "POST /api/v1/note HTTP/1.1" 400 56 "-" "PostmanRuntime/7.29.2"

info: ::1 - - [05/Sep/2022:15:50:20 +0000] "POST /api/v1/note HTTP/1.1" 201 231 "-" "PostmanRuntime/7.29.2"

info: ::1 - - [05/Sep/2022:16:05:43 +0000] "POST /api/v1/notes/ HTTP/1.1" 404 47 "-" "PostmanRuntime/7.29.2"

info: ::1 - - [05/Sep/2022:16:05:50 +0000] "POST /api/v1/notes HTTP/1.1" 404 47 "-" "PostmanRuntime/7.29.2"

info: ::1 - - [05/Sep/2022:16:05:55 +0000] "POST /api/v1/note HTTP/1.1" 500 86 "-" "PostmanRuntime/7.29.2"

info: ::1 - - [05/Sep/2022:16:06:18 +0000] "POST /api/v1/notes HTTP/1.1" 404 47 "-" "PostmanRuntime/7.29.2"

info: ::1 - - [05/Sep/2022:16:06:35 +0000] "POST /api/v1/notes HTTP/1.1" 404 47 "-" "PostmanRuntime/7.29.2"

info: ::1 - - [05/Sep/2022:16:06:50 +0000] "POST /api/v1/note/ HTTP/1.1" 201 234 "-" "PostmanRuntime/7.29.2"

info: ::1 - - [05/Sep/2022:16:07:17 +0000] "PUT /api/v1/note/63161e9a588d241aac79a507 HTTP/1.1" 202 234 "-" "PostmanRuntime/7.29.2"

info: ::1 - - [05/Sep/2022:16:07:36 +0000] "PUT /api/v1/note/63161e9a588d241aac79a507 HTTP/1.1" 202 234 "-" "PostmanRuntime/7.29.2"

info: ::1 - - [05/Sep/2022:16:08:47 +0000] "POST /api/v1/note/ HTTP/1.1" 201 222 "-" "PostmanRuntime/7.29.2"

info: ::1 - - [05/Sep/2022:16:09:14 +0000] "PUT /api/v1/note/63161f0f588d241aac79a50b HTTP/1.1" 202 224 "-" "PostmanRuntime/7.29.2"

info: ::1 - - [05/Sep/2022:16:12:07 +0000] "PUT /api/v1/note/ HTTP/1.1" 404 47 "-" "PostmanRuntime/7.29.2"

info: ::1 - - [05/Sep/2022:16:12:16 +0000] "POST /api/v1/note/ HTTP/1.1" 201 227 "-" "PostmanRuntime/7.29.2"

info: ::1 - - [05/Sep/2022:16:12:32 +0000] "PUT /api/v1/note/63161fe0588d241aac79a50e HTTP/1.1" 202 227 "-" "PostmanRuntime/7.29.2"

info: ::1 - - [04/Sep/2022:19:30:18 +0000] "GET /api/v1/note HTTP/1.1" 200 618 "-" "PostmanRuntime/7.29.2"

