info: Server started at http://localhost:3000/api/v1/ {"timestamp":"2022-09-12T09:36:14.249Z"}
info: Connected to the database. {"timestamp":"2022-09-12T09:36:18.071Z"}
info: Server started at http://localhost:3000/api/v1/ {"timestamp":"2022-09-12T09:37:21.300Z"}
info: Connected to the database. {"timestamp":"2022-09-12T09:37:26.687Z"}
info: Server started at http://localhost:3000/api/v1/ {"timestamp":"2022-09-12T09:40:46.562Z"}
info: Connected to the database. {"timestamp":"2022-09-12T09:40:50.578Z"}
info: Server started at http://localhost:3000/api/v1/ {"timestamp":"2022-09-12T09:45:17.071Z"}
info: Connected to the database. {"timestamp":"2022-09-12T09:45:21.011Z"}
info: Server started at http://localhost:3000/api/v1/ {"timestamp":"2022-09-12T09:45:48.546Z"}
info: Connected to the database. {"timestamp":"2022-09-12T09:45:52.647Z"}
info: Server started at http://localhost:3000/api/v1/ {"timestamp":"2022-09-12T09:47:07.891Z"}
info: Connected to the database. {"timestamp":"2022-09-12T09:47:11.718Z"}
info: Server started at http://localhost:3000/api/v1/ {"timestamp":"2022-09-12T09:48:03.564Z"}
info: Connected to the database. {"timestamp":"2022-09-12T09:48:08.036Z"}
info: Server started at http://localhost:3000/api/v1/ {"timestamp":"2022-09-12T09:48:39.459Z"}
info: Connected to the database. {"timestamp":"2022-09-12T09:48:45.721Z"}
info: Server started at http://localhost:3000/api/v1/ {"timestamp":"2022-09-12T09:50:49.829Z"}
info: Connected to the database. {"timestamp":"2022-09-12T09:50:53.000Z"}
info: Server started at http://localhost:3000/api/v1/ {"timestamp":"2022-09-12T09:51:23.414Z"}
info: Connected to the database. {"timestamp":"2022-09-12T09:51:28.132Z"}
info: Server started at http://localhost:3000/api/v1/ {"timestamp":"2022-09-12T09:54:36.767Z"}
info: Server started at http://localhost:3000/api/v1/ {"timestamp":"2022-09-12T09:54:45.009Z"}
info: Connected to the database. {"timestamp":"2022-09-12T09:54:52.727Z"}
info: Server started at http://localhost:3000/api/v1/ {"timestamp":"2022-09-12T09:56:12.466Z"}
info: Connected to the database. {"timestamp":"2022-09-12T09:56:16.194Z"}
info: Server started at http://localhost:3000/api/v1/ {"timestamp":"2022-09-12T09:58:39.759Z"}
info: Connected to the database. {"timestamp":"2022-09-12T09:58:42.713Z"}
info: Server started at http://localhost:3000/api/v1/ {"timestamp":"2022-09-12T09:59:38.647Z"}
info: Connected to the database. {"timestamp":"2022-09-12T09:59:41.540Z"}
info: Server started at http://localhost:3000/api/v1/ {"timestamp":"2022-09-12T10:01:11.171Z"}
info: Connected to the database. {"timestamp":"2022-09-12T10:01:14.359Z"}
info: Server started at http://localhost:3000/api/v1/ {"timestamp":"2022-09-12T10:51:05.781Z"}
info: Connected to the database. {"timestamp":"2022-09-12T10:51:08.789Z"}
info: Server started at http://localhost:3000/api/v1/ {"timestamp":"2022-09-12T10:52:27.693Z"}
info: Connected to the database. {"timestamp":"2022-09-12T10:52:30.590Z"}
info: Server started at http://localhost:3000/api/v1/ {"timestamp":"2022-09-12T10:52:36.876Z"}
info: Connected to the database. {"timestamp":"2022-09-12T10:52:39.762Z"}
info: Server started at http://localhost:3000/api/v1/ {"timestamp":"2022-09-12T10:54:36.316Z"}
info: Connected to the database. {"timestamp":"2022-09-12T10:54:39.224Z"}
info: Server started at http://localhost:3000/api/v1/ {"timestamp":"2022-09-12T10:59:48.157Z"}
info: Connected to the database. {"timestamp":"2022-09-12T10:59:51.079Z"}
info: Server started at http://localhost:3000/api/v1/ {"timestamp":"2022-09-12T11:03:36.040Z"}
info: Connected to the database. {"timestamp":"2022-09-12T11:03:39.085Z"}
info: Server started at http://localhost:3000/api/v1/ {"timestamp":"2022-09-12T11:04:44.636Z"}
info: Connected to the database. {"timestamp":"2022-09-12T11:04:48.130Z"}
info: Server started at http://localhost:3000/api/v1/ {"timestamp":"2022-09-12T11:04:58.350Z"}
info: Connected to the database. {"timestamp":"2022-09-12T11:05:01.327Z"}
info: Server started at http://localhost:3000/api/v1/ {"timestamp":"2022-09-12T11:11:23.310Z"}
info: Connected to the database. {"timestamp":"2022-09-12T11:11:26.237Z"}
info: Server started at http://localhost:3000/api/v1/ {"timestamp":"2022-09-12T11:35:58.274Z"}
info: Connected to the database. {"timestamp":"2022-09-12T11:36:01.626Z"}
info: Server started at http://localhost:3000/api/v1/ {"timestamp":"2022-09-12T11:40:35.650Z"}
info: Connected to the database. {"timestamp":"2022-09-12T11:40:38.559Z"}
info: Server started at http://localhost:3000/api/v1/ {"timestamp":"2022-09-12T11:42:04.664Z"}
info: Connected to the database. {"timestamp":"2022-09-12T11:42:07.924Z"}
info: Server started at http://localhost:3000/api/v1/ {"timestamp":"2022-09-12T11:42:32.542Z"}
info: Connected to the database. {"timestamp":"2022-09-12T11:42:35.574Z"}
info: Server started at http://localhost:3000/api/v1/ {"timestamp":"2022-09-12T11:42:59.265Z"}
info: Connected to the database. {"timestamp":"2022-09-12T11:43:02.187Z"}
info: Server started at http://localhost:3000/api/v1/ {"timestamp":"2022-09-12T11:44:56.178Z"}
info: Connected to the database. {"timestamp":"2022-09-12T11:44:59.195Z"}
info: Server started at http://localhost:3000/api/v1/ {"timestamp":"2022-09-12T11:45:16.948Z"}
info: Connected to the database. {"timestamp":"2022-09-12T11:45:19.834Z"}
info: Server started at http://localhost:3000/api/v1/ {"timestamp":"2022-09-12T11:47:37.354Z"}
info: Connected to the database. {"timestamp":"2022-09-12T11:47:40.264Z"}
info: Server started at http://localhost:3000/api/v1/ {"timestamp":"2022-09-12T11:52:28.327Z"}
info: Connected to the database. {"timestamp":"2022-09-12T11:52:31.301Z"}
info: Server started at http://localhost:3000/api/v1/ {"timestamp":"2022-09-12T11:54:56.692Z"}
info: Connected to the database. {"timestamp":"2022-09-12T11:54:59.598Z"}
info: Server started at http://localhost:3000/api/v1/ {"timestamp":"2022-09-12T11:57:05.698Z"}
info: Connected to the database. {"timestamp":"2022-09-12T11:57:08.578Z"}
info: Server started at http://localhost:3000/api/v1/ {"timestamp":"2022-09-12T11:57:49.790Z"}
info: Connected to the database. {"timestamp":"2022-09-12T11:57:52.621Z"}
info: Server started at http://localhost:3000/api/v1/ {"timestamp":"2022-09-12T12:04:49.318Z"}
info: Connected to the database. {"timestamp":"2022-09-12T12:04:52.287Z"}
info: Server started at http://localhost:3000/api/v1/ {"timestamp":"2022-09-12T12:04:57.880Z"}
info: Connected to the database. {"timestamp":"2022-09-12T12:05:00.849Z"}
info: Server started at http://localhost:3000/api/v1/ {"timestamp":"2022-09-12T12:06:19.278Z"}
info: Connected to the database. {"timestamp":"2022-09-12T12:06:22.154Z"}
error: 
    status - 500 
    message - ReferenceError: body is not defined
    at _callee6$ (C:\Users\hp\Fundoo-Notes\fundoo\src\services\/notes.services.js:55:23)
    at tryCatch (C:\Users\hp\Fundoo-Notes\fundoo\node_modules\@babel\runtime\helpers\regeneratorRuntime.js:86:17)
    at Generator._invoke (C:\Users\hp\Fundoo-Notes\fundoo\node_modules\@babel\runtime\helpers\regeneratorRuntime.js:66:24)
    at Generator.next (C:\Users\hp\Fundoo-Notes\fundoo\node_modules\@babel\runtime\helpers\regeneratorRuntime.js:117:21)
    at asyncGeneratorStep (C:\Users\hp\Fundoo-Notes\fundoo\node_modules\@babel\runtime\helpers\asyncToGenerator.js:3:24)
    at _next (C:\Users\hp\Fundoo-Notes\fundoo\node_modules\@babel\runtime\helpers\asyncToGenerator.js:25:9)
    at C:\Users\hp\Fundoo-Notes\fundoo\node_modules\@babel\runtime\helpers\asyncToGenerator.js:32:7
    at new Promise (<anonymous>)
    at Object.<anonymous> (C:\Users\hp\Fundoo-Notes\fundoo\node_modules\@babel\runtime\helpers\asyncToGenerator.js:21:12)
    at Object.archiveNotes (C:\Users\hp\Fundoo-Notes\fundoo\src\services\/notes.services.js:52:26)
    at _callee6$ (C:\Users\hp\Fundoo-Notes\fundoo\src\controllers\/notes.controllers.js:104:36)
    at tryCatch (C:\Users\hp\Fundoo-Notes\fundoo\node_modules\@babel\runtime\helpers\regeneratorRuntime.js:86:17)
    at Generator._invoke (C:\Users\hp\Fundoo-Notes\fundoo\node_modules\@babel\runtime\helpers\regeneratorRuntime.js:66:24)
    at Generator.next (C:\Users\hp\Fundoo-Notes\fundoo\node_modules\@babel\runtime\helpers\regeneratorRuntime.js:117:21)
    at asyncGeneratorStep (C:\Users\hp\Fundoo-Notes\fundoo\node_modules\@babel\runtime\helpers\asyncToGenerator.js:3:24)
    at _next (C:\Users\hp\Fundoo-Notes\fundoo\node_modules\@babel\runtime\helpers\asyncToGenerator.js:25:9) 
    url - /api/v1/note/6318774a5d8cfe24c4c7cd0d/archive 
    method - PUT 
    IP - ::1
   {"timestamp":"2022-09-12T12:08:30.461Z"}
info: Server started at http://localhost:3000/api/v1/ {"timestamp":"2022-09-12T12:13:12.867Z"}
info: Connected to the database. {"timestamp":"2022-09-12T12:13:15.811Z"}
info: Server started at http://localhost:3000/api/v1/ {"timestamp":"2022-09-12T16:12:51.845Z"}
info: Connected to the database. {"timestamp":"2022-09-12T16:12:55.997Z"}
info: Server started at http://localhost:3000/api/v1/ {"timestamp":"2022-09-12T16:13:10.911Z"}
